Добро пожаловать в minicom 2.7.1                                                                                  

ПАРАМЕТРЫ: I18n                                                                                                   
Дата компиляции Apr 18 2017, 16:33:55.                                                                            
Port /dev/ttyUSB0, 13:30:44                                                                                       

Нажмите CTRL-A Z для получения подсказки по клавишам                                                              


^DSFLOWRPT:000037F8,00000000,00000000,00000000001E3CF4,00000000005EB0CE,00000000,00000000                         

^DSFLOWRPT:000037FA,00000000,00000000,00000000001E3CF4,00000000005EB0CE,00000000,00000000                         

^DSFLOWRPT:000037FC,00000000,00000000,00000000001E3CF4,00000000005EB0CE,00000000,00000000                         

^DSFLOWRPT:000037FE,00000000,00000000,00000000001E3CF4,00000000005EB0CE,00000000,00000000                         

^DSFLOWRPT:00003800,00000000,00000000,00000000001E3CF4,00000000005EB0CE,00000000,00000000                         

^DSFLOWRPT:00003802,00000000,00000000,00000000001E3CF4,00000000005EB0CE,00000000,00000000                         

^DSFLOWRPT:00003804,0000002E,00000000,00000000001E3D50,00000000005EB0CE,00000000,00000000                         

^DSFLOWRPT:00003806,00000000,00000000,00000000001E3D50,00000000005EB0CE,00000000,00000000                         

^DSFLOWRPT:00003808,00000000,00000000,00000000001E3D50,00000000005EB0CE,00000000,00000000                         

^DSFLOWRPT:0000380A,00000000,00000000,00000000001E3D50,00000000005EB0CE,00000000,00000000                         

^DSFLOWRPT:0000380C,00000000,00000000,00000000001E3D50,00000000005EB0CE,00000000,00000000                         
                                                                                                                  
^DSFLOWRPT:0000380E,00000000,00000000,00000000001E3D50,00000000005EB0CE,00000000,00000000                         
                                                                                                                  
^DSFLOWRPT:00003810,00000000,00000000,00000000001E3D50,00000000005EB0CE,00000000,00000000                         
                                                                                                                  
^DSFLOWRPT:00003812,00000000,00000000,00000000001E3D50,00000000005EB0CE,00000000,00000000                         
                                                                                                                  
^DSFLOWRPT:00003814,00000000,00000000,00000000001E3D50,00000000005EB0CE,00000000,00000000                         
                                                                                                                  
^DSFLOWRPT:00003816,00000000,00000000,00000000001E3D50,00000000005EB0CE,00000000,00000000                         
                                                                                                                  
^DSFLOWRPT:00003818,00000000,00000000,00000000001E3D50,00000000005EB0CE,00000000,00000000                         
                                                                                                                  
^DSFLOWRPT:0000381A,00000000,00000000,00000000001E3D50,00000000005EB0CE,00000000,00000000                         
                                                                                                                  
^DSFLOWRPT:0000381C,00000000,00000000,00000000001E3D50,00000000005EB0CE,00000000,00000000                         
                                                                                                                  
^DSFLOWRPT:0000381E,00000000,00000000,00000000001E3D50,00000000005EB0CE,00000000,00000000                         

^DSFLOWRPT:00003820,00000000,00000000,00000000001E3D50,00000000005EB0CE,00000000,00000000                         

^DSFLOWRPT:00003822,00000730,00000BEB,00000000001E4BB1,00000000005EC8A4,00000000,00000000                         

^DSFLOWRPT:00003824,0000038B,000032C1,00000000001E52C7,00000000005F2E27,00000000,00000000 
