# Stop after ** was output

bash-4.4# mdb -u
usb mode
MDB version: 4.70 (17/03/2014)
* [1] serial number: 008 2017-05
mdb> reset
Device: idcode=0x40777001
OSCR:    0x200
PCfetch: 0xbfc00000
PCdec:   0
PCexec:  0
PCmem:   0
IRdec:   0
mdb> set 0xb82f4004 0xffffffff
mdb> set 0xb82f4000 0x8494
mdb> set 0x182f1000 0x3f00c0
mdb> set 0x182f1014 0x030d0021
mdb> set 0x182f1018 0x00f50223
mdb> set 0x182f101c 0x1
mdb> loadelf hello.exe 
entry point: 0x80010008
.text   addr: 0x80010000, size: 0x0003b5c4
.init   addr: 0x8004b5c4, size: 0x00000038
.fini   addr: 0x8004b5fc, size: 0x00000028
.ctors  addr: 0x8004b624, size: 0x00000008
.dtors  addr: 0x8004b62c, size: 0x00000008
.rtemsroset     skipping, has type SHT_NOBITS
.rdata  addr: 0x8004b640, size: 0x00001c28
.reginfo        addr: 0x8004d268, size: 0x00000018
.MIPS.abiflags  addr: 0x8004d280, size: 0x00000018
.data   addr: 0x8004d2a0, size: 0x00000710
.jcr    addr: 0x8004d9b0, size: 0x00000004
.sdata  addr: 0x8004d9b4, size: 0x00000004
.bss    skipping, has type SHT_NOBITS
mdb> bp 0 com_set_register
mdb> bp 1 0x80010814         # com_get_register
mdb> display PCexec a0 a1 a2 v0
PCexec: 0
a0:     0x80059448
a1:     0x80058dd8
a2:     0x1
v0:     0x80018eb0
mdb> run
OSCR:    0x4260 Debug mode triggered by watchpoint 0.

PCexec: 0x80012754
a0:     0x3000
a1:     0x3
a2:     0
v0:     0x8001082c
mdb> 
OSCR:    0x4260 Debug mode triggered by watchpoint 0.

PCexec: 0x80013728
a0:     0x3000
a1:     0x1
a2:     0
v0:     0x8001082c
mdb> 
OSCR:    0x4260 Debug mode triggered by watchpoint 0.

PCexec: 0x800127a4
a0:     0x3000
a1:     0x3
a2:     0x80
v0:     0x8001082c
mdb> 
OSCR:    0x4260 Debug mode triggered by watchpoint 0.

PCexec: 0x800127c8
a0:     0x3000
a1:     0
a2:     0x36
v0:     0x8001082c
mdb> 
OSCR:    0x4260 Debug mode triggered by watchpoint 0.

PCexec: 0x800127f0
a0:     0x3000
a1:     0x1
a2:     0
v0:     0x8001082c
mdb> 
OSCR:    0x4260 Debug mode triggered by watchpoint 0.

PCexec: 0x80012814
a0:     0x3000
a1:     0x3
a2:     0x3
v0:     0x8001082c
mdb> 
OSCR:    0x4260 Debug mode triggered by watchpoint 0.

PCexec: 0x80012838
a0:     0x3000
a1:     0x2
a2:     0x1
v0:     0x8001082c
mdb> 
OSCR:    0x4260 Debug mode triggered by watchpoint 0.

PCexec: 0x8001285c
a0:     0x3000
a1:     0x2
a2:     0x7
v0:     0x8001082c
mdb> 
OSCR:    0x4260 Debug mode triggered by watchpoint 0.

PCexec: 0x80013728
a0:     0x3000
a1:     0x1
a2:     0
v0:     0x8001082c
mdb> 
OSCR:    0x4260 Debug mode triggered by watchpoint 0.

PCexec: 0x80012890
a0:     0x3000
a1:     0x4
a2:     0x8
v0:     0x8001082c
mdb> 
OSCR:    0x8260 Debug mode triggered by watchpoint 1.

PCexec: 0x80010810
a0:     0x3000
a1:     0x5
a2:     0x8
v0:     0x60
mdb> 
OSCR:    0x8260 Debug mode triggered by watchpoint 1.

PCexec: 0x80010810
a0:     0x3000
a1:     0x5
a2:     0x8
v0:     0x60
mdb> 
OSCR:    0x8260 Debug mode triggered by watchpoint 1.

PCexec: 0x80010810
a0:     0x3000
a1:     0
a2:     0x8
v0:     0x72
mdb> 
OSCR:    0x8260 Debug mode triggered by watchpoint 1.

PCexec: 0x80010810
a0:     0x3000
a1:     0
a2:     0x8
v0:     0x72
mdb> 
OSCR:    0x4260 Debug mode triggered by watchpoint 0.

PCexec: 0x80012754
a0:     0x3400
a1:     0x3
a2:     0
v0:     0x8001082c
mdb> 
OSCR:    0x4260 Debug mode triggered by watchpoint 0.

PCexec: 0x80013728
a0:     0x3400
a1:     0x1
a2:     0
v0:     0x8001082c
mdb> 
OSCR:    0x4260 Debug mode triggered by watchpoint 0.

PCexec: 0x800127a4
a0:     0x3400
a1:     0x3
a2:     0x80
v0:     0x8001082c
mdb> 
OSCR:    0x4260 Debug mode triggered by watchpoint 0.

PCexec: 0x800127c8
a0:     0x3400
a1:     0
a2:     0x36
v0:     0x8001082c
mdb> 
OSCR:    0x4260 Debug mode triggered by watchpoint 0.

PCexec: 0x800127f0
a0:     0x3400
a1:     0x1
a2:     0
v0:     0x8001082c
mdb> 
OSCR:    0x4260 Debug mode triggered by watchpoint 0.

PCexec: 0x80012814
a0:     0x3400
a1:     0x3
a2:     0x3
v0:     0x8001082c
mdb> 
OSCR:    0x4260 Debug mode triggered by watchpoint 0.

PCexec: 0x80012838
a0:     0x3400
a1:     0x2
a2:     0x1
v0:     0x8001082c
mdb> 
OSCR:    0x4260 Debug mode triggered by watchpoint 0.

PCexec: 0x8001285c
a0:     0x3400
a1:     0x2
a2:     0x7
v0:     0x8001082c
mdb> 
OSCR:    0x4260 Debug mode triggered by watchpoint 0.

PCexec: 0x80013728
a0:     0x3400
a1:     0x1
a2:     0
v0:     0x8001082c
mdb> 
OSCR:    0x4260 Debug mode triggered by watchpoint 0.

PCexec: 0x80012890
a0:     0x3400
a1:     0x4
a2:     0x8
v0:     0x8001082c
mdb> 
OSCR:    0x8260 Debug mode triggered by watchpoint 1.

PCexec: 0x80010810
a0:     0x3400
a1:     0x5
a2:     0x8
v0:     0x60
mdb> 
OSCR:    0x8260 Debug mode triggered by watchpoint 1.

PCexec: 0x80010810
a0:     0x3400
a1:     0x5
a2:     0x8
v0:     0x60
mdb> 
OSCR:    0x8260 Debug mode triggered by watchpoint 1.

PCexec: 0x80010810
a0:     0x3400
a1:     0
a2:     0x8
v0:     0
mdb> 
OSCR:    0x8260 Debug mode triggered by watchpoint 1.

PCexec: 0x80010810
a0:     0x3400
a1:     0
a2:     0x8
v0:     0
mdb> 
OSCR:    0x4260 Debug mode triggered by watchpoint 0.

PCexec: 0x80012fdc
a0:     0x3000
a1:     0x4
a2:     0x9
v0:     0x8001082c
mdb> 
OSCR:    0x8260 Debug mode triggered by watchpoint 1.

PCexec: 0x80010810
a0:     0x3000
a1:     0x1
a2:     0x1
v0:     0
mdb> 
OSCR:    0x8260 Debug mode triggered by watchpoint 1.

PCexec: 0x80010810
a0:     0x3000
a1:     0x1
a2:     0x1
v0:     0
mdb> 
OSCR:    0x4260 Debug mode triggered by watchpoint 0.

PCexec: 0x80013728
a0:     0x3000
a1:     0x1
a2:     0
v0:     0x8001082c
mdb> 
OSCR:    0x8260 Debug mode triggered by watchpoint 1.

PCexec: 0x80010810
a0:     0x3000
a1:     0x5
a2:     0
v0:     0x60
mdb> 
OSCR:    0x8260 Debug mode triggered by watchpoint 1.

PCexec: 0x80010810
a0:     0x3000
a1:     0x5
a2:     0
v0:     0x60
mdb> 
OSCR:    0x4260 Debug mode triggered by watchpoint 0.

PCexec: 0x80012b60
a0:     0x3000
a1:     0
a2:     0xd
v0:     0x8001082c
mdb> 
OSCR:    0x4260 Debug mode triggered by watchpoint 0.

PCexec: 0x80012c14
a0:     0x3000
a1:     0x1
a2:     0
v0:     0x8001082c
mdb> 
OSCR:    0x8260 Debug mode triggered by watchpoint 1.

PCexec: 0x80010810
a0:     0x3000
a1:     0x1
a2:     0x1
v0:     0
mdb> 
OSCR:    0x8260 Debug mode triggered by watchpoint 1.

PCexec: 0x80010810
a0:     0x3000
a1:     0x1
a2:     0x1
v0:     0
mdb> 
OSCR:    0x4260 Debug mode triggered by watchpoint 0.

PCexec: 0x80013728
a0:     0x3000
a1:     0x1
a2:     0
v0:     0x8001082c
mdb> 
OSCR:    0x8260 Debug mode triggered by watchpoint 1.

PCexec: 0x80010810
a0:     0x3000
a1:     0x5
a2:     0
v0:     0x60
mdb> 
OSCR:    0x8260 Debug mode triggered by watchpoint 1.

PCexec: 0x80010810
a0:     0x3000
a1:     0x5
a2:     0
v0:     0x60
mdb> 
OSCR:    0x4260 Debug mode triggered by watchpoint 0.

PCexec: 0x80012b60
a0:     0x3000
a1:     0
a2:     0xa
v0:     0x8001082c
mdb> 
OSCR:    0x4260 Debug mode triggered by watchpoint 0.

PCexec: 0x80012c14
a0:     0x3000
a1:     0x1
a2:     0
v0:     0x8001082c
mdb> 
OSCR:    0x8260 Debug mode triggered by watchpoint 1.

PCexec: 0x80010810
a0:     0x3000
a1:     0x1
a2:     0x1
v0:     0
mdb> 
OSCR:    0x8260 Debug mode triggered by watchpoint 1.

PCexec: 0x80010810
a0:     0x3000
a1:     0x1
a2:     0x1
v0:     0
mdb> 
OSCR:    0x4260 Debug mode triggered by watchpoint 0.

PCexec: 0x80013728
a0:     0x3000
a1:     0x1
a2:     0
v0:     0x8001082c
mdb> 
OSCR:    0x8260 Debug mode triggered by watchpoint 1.

PCexec: 0x80010810
a0:     0x3000
a1:     0x5
a2:     0
v0:     0x60
mdb> 
OSCR:    0x8260 Debug mode triggered by watchpoint 1.

PCexec: 0x80010810
a0:     0x3000
a1:     0x5
a2:     0
v0:     0x60
mdb> 
OSCR:    0x4260 Debug mode triggered by watchpoint 0.

PCexec: 0x80012b60
a0:     0x3000
a1:     0
a2:     0xd
v0:     0x8001082c
mdb> 
OSCR:    0x4260 Debug mode triggered by watchpoint 0.

PCexec: 0x80012c14
a0:     0x3000
a1:     0x1
a2:     0
v0:     0x8001082c
mdb> 
OSCR:    0x8260 Debug mode triggered by watchpoint 1.

PCexec: 0x80010810
a0:     0x3000
a1:     0x1
a2:     0x1
v0:     0
mdb> 
OSCR:    0x8260 Debug mode triggered by watchpoint 1.

PCexec: 0x80010810
a0:     0x3000
a1:     0x1
a2:     0x1
v0:     0
mdb> 
OSCR:    0x4260 Debug mode triggered by watchpoint 0.

PCexec: 0x80013728
a0:     0x3000
a1:     0x1
a2:     0
v0:     0x8001082c
mdb> 
OSCR:    0x8260 Debug mode triggered by watchpoint 1.

PCexec: 0x80010810
a0:     0x3000
a1:     0x5
a2:     0
v0:     0x60
mdb> 
OSCR:    0x8260 Debug mode triggered by watchpoint 1.

PCexec: 0x80010810
a0:     0x3000
a1:     0x5
a2:     0
v0:     0x60
mdb> 
OSCR:    0x4260 Debug mode triggered by watchpoint 0.

PCexec: 0x80012b60
a0:     0x3000
a1:     0
a2:     0xa
v0:     0x8001082c
mdb> 
OSCR:    0x4260 Debug mode triggered by watchpoint 0.

PCexec: 0x80012c14
a0:     0x3000
a1:     0x1
a2:     0
v0:     0x8001082c
mdb> 
OSCR:    0x8260 Debug mode triggered by watchpoint 1.

PCexec: 0x80010810
a0:     0x3000
a1:     0x1
a2:     0x1
v0:     0
mdb> 
OSCR:    0x8260 Debug mode triggered by watchpoint 1.

PCexec: 0x80010810
a0:     0x3000
a1:     0x1
a2:     0x1
v0:     0
mdb> 
OSCR:    0x4260 Debug mode triggered by watchpoint 0.

PCexec: 0x80013728
a0:     0x3000
a1:     0x1
a2:     0
v0:     0x8001082c
mdb> 
OSCR:    0x8260 Debug mode triggered by watchpoint 1.

PCexec: 0x80010810
a0:     0x3000
a1:     0x5
a2:     0
v0:     0x60
mdb> 
OSCR:    0x8260 Debug mode triggered by watchpoint 1.

PCexec: 0x80010810
a0:     0x3000
a1:     0x5
a2:     0
v0:     0x60
mdb> 
OSCR:    0x4260 Debug mode triggered by watchpoint 0.

PCexec: 0x80012b60
a0:     0x3000
a1:     0
a2:     0x2a
v0:     0x8001082c
mdb> 
OSCR:    0x4260 Debug mode triggered by watchpoint 0.

PCexec: 0x80012c14
a0:     0x3000
a1:     0x1
a2:     0
v0:     0x8001082c
mdb> 
OSCR:    0x8260 Debug mode triggered by watchpoint 1.

PCexec: 0x80010810
a0:     0x3000
a1:     0x1
a2:     0x1
v0:     0
mdb> 
OSCR:    0x8260 Debug mode triggered by watchpoint 1.

PCexec: 0x80010810
a0:     0x3000
a1:     0x1
a2:     0x1
v0:     0
mdb> 
OSCR:    0x4260 Debug mode triggered by watchpoint 0.

PCexec: 0x80013728
a0:     0x3000
a1:     0x1
a2:     0
v0:     0x8001082c
mdb> 
OSCR:    0x8260 Debug mode triggered by watchpoint 1.

PCexec: 0x80010810
a0:     0x3000
a1:     0x5
a2:     0
v0:     0x60
mdb> 
OSCR:    0x8260 Debug mode triggered by watchpoint 1.

PCexec: 0x80010810
a0:     0x3000
a1:     0x5
a2:     0
v0:     0x60
mdb> 
OSCR:    0x4260 Debug mode triggered by watchpoint 0.

PCexec: 0x80012b60
a0:     0x3000
a1:     0
a2:     0x2a
v0:     0x8001082c
mdb> 
OSCR:    0x4260 Debug mode triggered by watchpoint 0.

PCexec: 0x80012c14
a0:     0x3000
a1:     0x1
a2:     0
v0:     0x8001082c
mdb> 
OSCR:    0x8260 Debug mode triggered by watchpoint 1.

PCexec: 0x80010810
a0:     0x3000
a1:     0x1
a2:     0x1
v0:     0
mdb> 
OSCR:    0x8260 Debug mode triggered by watchpoint 1.

PCexec: 0x80010810
a0:     0x3000
a1:     0x1
a2:     0x1
v0:     0
mdb> 
OSCR:    0x4260 Debug mode triggered by watchpoint 0.

PCexec: 0x80013728
a0:     0x3000
a1:     0x1
a2:     0
v0:     0x8001082c
mdb> 
OSCR:    0x8260 Debug mode triggered by watchpoint 1.

PCexec: 0x80010810
a0:     0x3000
a1:     0x5
a2:     0
v0:     0x60
mdb> show v0
v0: 0x60
mdb> 
