***** MPO SpaceWire test console is running. *****
> status
MpoConsoleTest.cpp: main(): Send -> msg_id=0x2
> status
MpoConsoleTest.cpp: main(): Send -> msg_id=0x2
> Received STATUS <-: msg_id=0x4, state=2(WAIT) len=16
> wait
MpoConsoleTest.cpp: main(): Send -> msg_id=0x1, mode_id=0x2
> status
MpoConsoleTest.cpp: main(): Send -> msg_id=0x2
> Received STATUS <-: msg_id=0x4, state=2(WAIT) len=16
> wait
MpoConsoleTest.cpp: main(): Send -> msg_id=0x1, mode_id=0x2
> Received STATUS <-: msg_id=0x4, state=2(WAIT) len=16
> wait
MpoConsoleTest.cpp: main(): Send -> msg_id=0x1, mode_id=0x2
> Received STATUS <-: msg_id=0x4, state=2(WAIT) len=16
> trdec
MpoConsoleTest.cpp: main(): Send -> msg_id=0x1, mode_id=0x4
> Received STATUS <-: msg_id=0x4, state=4(TRDEC) len=16
> Received INF DATA <-: msg_id=0xcbd1, len=1280, CRC16=0xced2
75 f6 d1 cb 00 00 00 00 00 00 81 8a 15 04 00 00 00 77 77 77 77 77 77 77 77 77 77 77 77 77 77 77 77 
77 00 00 65 8a 15 04 00 00 00 77 77 77 77 77 77 77 77 77 77 77 77 77 77 77 77 77 00 00 94 9a 15 
04 00 00 00 77 77 77 77 77 77 77 77 77 77 77 77 77 77 77 77 77 00 00 9f 9a 15 04 00 00 00 77 77 
77 77 77 77 77 77 77 77 77 77 77 77 77 77 77 00 00 5b 8a 15 04 00 00 00 77 77 77 77 77 77 77 77 
77 77 77 77 77 77 77 77 77 00 00 6e 8a 15 04 00 00 00 77 77 77 77 77 77 77 77 77 77 77 77 77 77 
77 77 77 00 00 98 9a 15 04 00 00 00 77 77 77 77 77 77 77 77 77 77 77 77 77 77 77 77 77 00 00 8f 
8a 15 04 00 00 00 77 77 77 77 77 77 77 77 77 77 77 77 77 77 77 77 77 00 00 4e 8a 15 04 00 00 00 
77 77 77 77 77 77 77 77 77 77 77 77 77 77 77 77 77 00 00 97 8a 15 04 00 00 00 77 77 77 77 77 77 
77 77 77 77 77 77 77 77 77 77 77 00 00 8a 8a 15 04 00 00 00 77 77 77 77 77 77 77 77 77 77 77 77 
77 77 77 77 77 00 00 75 9a 15 04 00 00 00 77 77 77 77 77 77 77 77 77 77 77 77 77 77 77 77 77 00 
00 5e 8a 15 04 00 00 00 77 77 77 77 77 77 77 77 77 77 77 77 77 77 77 77 77 00 00 4f 8a 15 04 00 
00 00 77 77 77 77 77 77 77 77 77 77 77 77 77 77 77 77 77 00 00 a0 8a 15 04 00 00 00 77 77 77 77 
77 77 77 77 77 77 77 77 77 77 77 77 77 00 00 96 8a 15 04 00 00 00 77 77 77 77 77 77 77 77 77 77 
77 77 77 77 77 77 77 00 00 6c 9a 15 04 00 00 00 77 77 77 77 77 77 77 77 77 77 77 77 77 77 77 77 
77 00 00 9f 9a 15 04 00 00 00 77 77 77 77 77 77 77 77 77 77 77 77 77 77 77 77 77 00 00 80 8a 15 
04 00 00 00 77 77 77 77 77 77 77 77 77 77 77 77 77 77 77 77 77 00 00 87 8a 15 04 00 00 00 77 77 
77 77 77 77 77 77 77 77 77 77 77 77 77 77 77 00 00 4c 8a 15 04 00 00 00 77 77 77 77 77 77 77 77 
77 77 77 77 77 77 77 77 77 00 00 a0 8a 15 04 00 00 00 77 77 77 77 77 77 77 77 77 77 77 77 77 77 
77 77 77 00 00 72 9a 15 04 00 00 00 77 77 77 77 77 77 77 77 77 77 77 77 77 77 77 77 77 00 00 4f 
9a 15 04 00 00 00 77 77 77 77 77 77 77 77 77 77 77 77 77 77 77 77 77 00 00 73 8a 15 04 00 00 00 
77 77 77 77 77 77 77 77 77 77 77 77 77 77 77 77 77 00 00 9a 9a 15 04 00 00 00 77 77 77 77 77 77 
77 77 77 77 77 77 77 77 77 77 77 00 00 5f 9a 15 04 00 00 00 77 77 77 77 77 77 77 77 77 77 77 77 
77 77 77 77 77 00 00 6c 8a 15 04 00 00 00 77 77 77 77 77 77 77 77 77 77 77 77 77 77 77 77 77 00 
00 75 9a 15 04 00 00 00 77 77 77 77 77 77 77 77 77 77 77 77 77 77 77 77 77 00 00 8e 8a 15 04 00 
00 00 77 77 77 77 77 77 77 77 77 77 77 77 77 77 77 77 77 00 00 9f 8a 15 04 00 00 00 77 77 77 77 
77 77 77 77 77 77 77 77 77 77 77 77 77 00 00 67 9a 15 04 00 00 00 77 77 77 77 77 77 77 77 77 77 
77 77 77 77 77 77 77 00 00 78 9a 15 04 00 00 00 77 77 77 77 77 77 77 77 77 77 77 77 77 77 77 77 
77 00 00 64 8a 15 04 00 00 00 77 77 77 77 77 77 77 77 77 77 77 77 77 77 77 77 77 00 00 8a 8a 15 
04 00 00 00 77 77 77 77 77 77 77 77 77 77 77 77 77 77 77 77 77 00 00 5b 9a 15 04 00 00 00 77 77 
77 77 77 77 77 77 77 77 77 77 77 77 77 77 77 00 00 6e 9a 15 04 00 00 00 77 77 77 77 77 77 77 77 
77 77 77 77 77 77 77 77 77 00 00 9f 9a 15 04 00 00 00 77 77 77 77 77 77 77 77 77 77 77 77 77 77 
77 77 77 00 00 77 9a 15 04 00 00 00 77 77 77 77 77 77 77 77 77 77 77 77 77 77 77 77 77 00 00 98 
9a 15 04 00 00 00 77 77 77 77 77 77 77 77 77 77 77 77 77 77 77 77 77 00 00 86 8a 15 04 00 00 00 
77 77 77 77 77 77 77 77 77 77 77 77 77 77 77 77 77 00 00 5f 9a 15 04 00 00 00 77 77 77 77 77 77 
77 77 77 77 77 77 77 77 77 77 77 00 00 70 8a 15 04 00 00 00 77 77 77 77 77 77 77 77 77 77 77 77 
77 77 77 77 77 00 00 91 8a 15 04 00 00 00 77 77 77 77 77 77 77 77 77 77 77 77 77 77 77 77 77 00 
00 00 00 00 00 00 00 00 00 00 00 00 00 00 00 00 00 00 00 00 00 00 00 00 00 00 00 00 00 00 00 00 
00 00 00 00 00 00 00 00 00 00 00 00 00 00 00 00 00 00 00 00 00 00 00 00 00 00 00 00 00 00 00 00 
00 00 00 00 00 00 00 00 00 00 00 00 00 00 00 00 00 00 00 00 00 00 00 00 00 00 00 00 00 00 00 00 
00 00 00 00 00 00 00 00 00 00 00 00 00 00 00 00 00 00 00 00 00 00 00 00 00 00 00 00 00 d2 ce 
> 
 
