Clock_mask: 8000                                                                                             
MPO started                                                                                                  
Unpacking tar filesystem:               successful                                                           
Setup RAM Disk:                         successful                                                           
Sched: select profile -> Initialize                                                                          
SysMachine: started                                                                                          
SysInit: Booting FPGA0                  successful (8998 ms)                                                 
Sched: select profile -> Transmit_Raw                                                                        
SysMachine: INIT -> TRRAW                                                                                    
CAppTransmitRaw.cpp: run(): Entering...                                                                      
CAppTransmitRaw.cpp: run(): Setup FPGA coefficients:                                                         
reset_dsp=1                                                                                                  
adc_atten_1=63                                                                                               
adc_atten_2=1                                                                                                
freq_ddc_nco_1=5126371                                                                                       
freq_ddc_nco_2[:4]= 4893354 2563185 14214030 11883861                                                        
corr_lvl_coef=26214                                                                                          
peak_detect_sig_del=14592                                                                                    
peak_detect_corr_del=1695                                                                                    
ddc_filter_coefs[:436]= 1282 260598 261157 261437 261571 261627 261643                                       
corr_coefs_real[:256]= 189179 211473 235045 258233 16909 33357 43840 47429                                   
corr_coefs_imag[:256]= 153259 141262 133904 131130 132167 135388 138621 139954                               
recv_filter_coefs[:129]= 143 53 262089 261985 261909 261883 261923                                           
CAppTransmitRaw.cpp: run(): Received <- 128 bytes from /dev/lport0.                                          
ab 55 ff 01 a8 00 25 02 a7 fc 5d 02 34 01 25 fe 01 03 09 fe f1 00 2a 01 3d fd f0 03 a1 fd 45 01 55           
02 bb fd f0 01 a8 ff 55 ff 01 00 01 4f ff ab 02 a1 fe 16 00 8d 00 55 ff dc 00 8b 00 63 ff 71 01              
40 ff 49 01 3d ff 72 01 c6 fe a5 ff af 00 d3 00 04 00 f7 00 b7 ff 7c ff 68 01 ad ff 5a 00 ec 01              
6f fe cb 01 16 ff 6a 01 71 01 a2 ff 41 00 07 00 ba ff 8c 01 17 ff 3c 01 c7 ff d4 ff 25 01 6d                 
================================================                                                             
1: DDC_QUAD_MSG_TOKEN=0x55ab                                                                                 
FPGAParser: 1: QUAD packet HEADER, len(bytes) = 1020                                                         
CAppTransmitRaw.cpp: run(): Received <- 128 bytes from /dev/lport0.                                          
ff c1 ff eb 02 87 fd ec 02 22 00 45 ff 06 02 28 fe 1b 01 c0 01 50 ff 07 02 57 fe 1c ff b8 02 2e fd           
cf 02 4d ff 93 ff 9b 01 de fe a8 00 d1 00 9d ff 05 01 65 01 83 fe a7 02 b9 fe 47 00 2b 01 47 fe              
9b 02 f3 fe e7 00 1d 01 2d fe 43 02 87 fe f0 ff c6 01 4e ff f2 01 da ff 8f 00 18 00 66 02 20 fe              
da 01 10 ff bc ff 17 01 4d ff 38 01 e1 fe 90 01 ba fe 30 01 ee ff 33 ff 0b 00 77 01 bc fe db                 
CAppTransmitRaw.cpp: run(): Received <- 128 bytes from /dev/lport0.                                          
ff 95 02 b7 fd 7b 02 28 fe 14 02 b5 fe a2 00 45 ff 8f ff f0 01 04 00 bc ff c5 00 49 ff 05 00 ce 00           
49 ff de ff 2d 01 e7 ff bf 02 f0 fe 41 01 0e 00 1c ff 27 01 d0 00 52 fe fe 01 38 ff 0e 00 2b 00              
7f ff ad 00 b7 00 db ff bd 00 66 00 94 00 f1 00 ef 00 06 ff 69 00 3b ff 45 00 c7 01 fe fe bc 00              
04 01 68 ff fc 00 43 ff 02 00 63 00 3f 00 d1 00 4c 01 4c ff a3 00 39 ff 4b 01 be 00 32 00 10                 
CAppTransmitRaw.cpp: run(): Received <- 128 bytes from /dev/lport0.                                          
fe 44 01 03 ff bf ff 8c 01 34 ff 25 01 74 00 32 ff 4a 01 19 ff 90 ff 95 01 59 ff cd 01 9b 00 16 ff           
e5 01 15 fe b5 ff 0c 01 8b ff f7 00 b3 00 64 ff cc 00 6f 00 78 ff d3 01 d8 ff 20 ff 1f 02 50 fd              
a1 01 a7 ff 7e 00 9f 00 a7 ff ad 00 c2 ff bf 01 50 ff a2 00 97 00 3e 01 4f ff aa 00 59 01 02 fe              
c3 02 60 fe de 00 8b 00 48 ff 89 01 86 ff 29 00 d7 fe 1b 01 26 ff db 02 34 ff dd 00 9b 00 15                 
CAppTransmitRaw.cpp: run(): Received <- 128 bytes from /dev/lport0.                                          
02 a8 ff 5c ff 1a 01 03 ff 60 01 a5 00 f1 fe 00 02 89 fe bb 01 c8 fd 21 02 73 fe e3 02 5d ff 66 00           
9c 00 17 ff 75 01 d1 55 ff 03 87 01 5c 02 ab 02 84 02 54 ff 08 02 f4 00 1c 01 90 ff 80 02 8c 01              
28 03 94 02 00 01 8c 01 bc fd b4 01 98 01 64 04 30 03 0c 02 d4 02 e0 01 5c 01 b0 00 94 01 28 00              
30 01 7c 00 30 ff a4 01 f4 00 5c 01 08 01 2c 03 98 02 d0 02 60 00 08 00 58 02 c8 02 c8 04 80                 
CAppTransmitRaw.cpp: run(): Received <- 128 bytes from /dev/lport0.                                          
01 1c 00 54 01 2c 02 8c 02 fc 02 9c 01 a8 ff 5c fe f8 00 70 00 9c 01 28 00 64 01 c8 00 a0 ff c4 00           
94 01 d0 01 74 02 a8 03 50 01 64 00 68 02 94 01 40 ff 6c 01 b8 02 40 01 cc 00 cc 00 18 01 e4 01              
e4 01 f0 00 fc 01 28 02 14 03 64 01 ac 01 d8 00 d8 00 c8 03 78 04 d0 01 e8 00 08 02 d0 01 90 ff              
28 02 80 01 9c 00 a4 02 80 01 68 ff e8 00 30 01 5c 01 6c 00 c8 03 44 01 98 02 7c 04 7c 02 d8                 
CAppTransmitRaw.cpp: run(): Received <- 128 bytes from /dev/lport0.                                          
03 18 02 c8 03 bc 01 34 01 00 01 50 00 74 fe 24 ff 34 02 ac 03 24 01 14 ff fc 01 88 fe 94 03 ac 02           
e4 00 ec 01 8c ff b4 02 3c 01 9c 04 98 01 0c 02 24 02 48 00 08 01 98 00 bc 01 b8 ff 7c 02 9c 02              
18 02 88 00 e0 ff 10 01 c0 ff 1c 02 08 02 68 ff f0 01 84 01 30 03 5c 01 b0 04 48 01 e8 01 28 00              
9c 00 54 00 e0 02 b8 01 7c 00 bc 02 64 02 3c 01 80 01 a4 01 60 01 64 ff 68 04 30 01 40 03 94                 
CAppTransmitRaw.cpp: run(): Received <- 128 bytes from /dev/lport0.                                          
ff 10 01 58 03 1c 01 7c 01 f4 02 5c ff e8 00 c8 00 4c 03 c4 ff 8c 02 14 01 b4 00 d4 01 bc 01 cc 01           
28 01 f0 01 24 03 bc 03 94 03 b8 03 84 01 40 00 24 02 1c 02 d4 fe 74 03 20 02 78 ff 34 02 ac 01              
54 00 d0 03 20 01 20 01 80 00 10 00 98 02 20 01 c8 02 08 03 54 03 94 02 e8 01 64 01 ac 01 c4 02              
a4 02 6c 02 d0 03 7c 00 0c 01 cc 01 38 00 10 01 28 01 54 00 a8 01 20 ff d8 03 74 02 04 02 b0                 
CAppTransmitRaw.cpp: run(): Received <- 128 bytes from /dev/lport0.                                          
01 10 01 30 03 70 03 34 03 d8 00 58 03 dc 01 0c ff 4c 02 30 ff 70 01 8c 00 30 01 14 00 b4 02 74 00           
f4 ff d0 ff f4 fe e0 55 ff 01 b8 00 c1 ff ab ff 00 01 f8 00 d5 ff 50 03 b9 fe 37 ff 7f 01 6a fd              
69 01 a0 00 cd ff 2b 03 3a fc 56 02 fe fd 3c 04 bf fc 27 03 46 fd 55 00 e1 01 f6 fe d3 03 1a fa              
e8 03 f8 fe a0 01 af 02 87 fd ca 02 a9 fd 11 04 d8 fc 14 03 18 fd d6 00 f7 ff bb ff 7d 02 66                 
FPGAParser: 1: QUAD payload, len(bytes) = 1020                                                               
FPGAParser: HEX = a8 00 25 02 a7 fc 5d 02 34 01 25 fe 01 03 09 fe f1 00 2a 01 3d fd f0 03 a1 fd 45 01 55 02  
55 ff 01 00 01 4f ff ab 02 a1 fe 16 00 8d 00 55 ff dc 00 8b 00 63 ff 71 01 40 ff 49 01 3d ff 72 01 c6 fe     
a5 ff af 00 d3 00 04 00 f7 00 b7 ff 7c ff 68 01 ad ff 5a 00 ec 01 6f fe cb 01 16 ff 6a 01 71 01 a2 ff 41     
00 07 00 ba ff 8c 01 17 ff 3c 01 c7 ff d4 ff 25 01 6d ff c1 ff eb 02 87 fd ec 02 22 00 45 ff 06 02 28 fe     
1b 01 c0 01 50 ff 07 02 57 fe 1c ff b8 02 2e fd cf 02 4d ff 93 ff 9b 01 de fe a8 00 d1 00 9d ff 05 01 65     
01 83 fe a7 02 b9 fe 47 00 2b 01 47 fe 9b 02 f3 fe e7 00 1d 01 2d fe 43 02 87 fe f0 ff c6 01 4e ff f2 01     
da ff 8f 00 18 00 66 02 20 fe da 01 10 ff bc ff 17 01 4d ff 38 01 e1 fe 90 01 ba fe 30 01 ee ff 33 ff 0b     
00 77 01 bc fe db ff 95 02 b7 fd 7b 02 28 fe 14 02 b5 fe a2 00 45 ff 8f ff f0 01 04 00 bc ff c5 00 49 ff     
05 00 ce 00 49 ff de ff 2d 01 e7 ff bf 02 f0 fe 41 01 0e 00 1c ff 27 01 d0 00 52 fe fe 01 38 ff 0e 00 2b     
00 7f ff ad 00 b7 00 db ff bd 00 66 00 94 00 f1 00 ef 00 06 ff 69 00 3b ff 45 00 c7 01 fe fe bc 00 04 01     
68 ff fc 00 43 ff 02 00 63 00 3f 00 d1 00 4c 01 4c ff a3 00 39 ff 4b 01 be 00 32 00 10 fe 44 01 03 ff bf     
ff 8c 01 34 ff 25 01 74 00 32 ff 4a 01 19 ff 90 ff 95 01 59 ff cd 01 9b 00 16 ff e5 01 15 fe b5 ff 0c 01     
8b ff f7 00 b3 00 64 ff cc 00 6f 00 78 ff d3 01 d8 ff 20 ff 1f 02 50 fd a1 01 a7 ff 7e 00 9f 00 a7 ff ad     
00 c2 ff bf 01 50 ff a2 00 97 00 3e 01 4f ff aa 00 59 01 02 fe c3 02 60 fe de 00 8b 00 48 ff 89 01 86 ff     
29 00 d7 fe 1b 01 26 ff db 02 34 ff dd 00 9b 00 15 02 a8 ff 5c ff 1a 01 03 ff 60 01 a5 00 f1 fe 00 02 89     
fe bb 01 c8 fd 21 02 73 fe e3 02 5d ff 66 00 9c 00 17 ff 75 01 d1 55 ff 03 87 01 5c 02 ab 02 84 02 54 ff     
08 02 f4 00 1c 01 90 ff 80 02 8c 01 28 03 94 02 00 01 8c 01 bc fd b4 01 98 01 64 04 30 03 0c 02 d4 02 e0     
01 5c 01 b0 00 94 01 28 00 30 01 7c 00 30 ff a4 01 f4 00 5c 01 08 01 2c 03 98 02 d0 02 60 00 08 00 58 02     
c8 02 c8 04 80 01 1c 00 54 01 2c 02 8c 02 fc 02 9c 01 a8 ff 5c fe f8 00 70 00 9c 01 28 00 64 01 c8 00 a0     
ff c4 00 94 01 d0 01 74 02 a8 03 50 01 64 00 68 02 94 01 40 ff 6c 01 b8 02 40 01 cc 00 cc 00 18 01 e4 01     
e4 01 f0 00 fc 01 28 02 14 03 64 01 ac 01 d8 00 d8 00 c8 03 78 04 d0 01 e8 00 08 02 d0 01 90 ff 28 02 80     
01 9c 00 a4 02 80 01 68 ff e8 00 30 01 5c 01 6c 00 c8 03 44 01 98 02 7c 04 7c 02 d8 03 18 02 c8 03 bc 01     
34 01 00 01 50 00 74 fe 24 ff 34 02 ac 03 24 01 14 ff fc 01 88 fe 94 03 ac 02 e4 00 ec 01 8c ff b4 02 3c     
01 9c 04 98 01 0c 02 24 02 48 00 08 01 98 00 bc 01 b8 ff 7c 02 9c 02 18 02 88 00 e0 ff 10 01 c0 ff 1c 02     
08 02 68 ff f0 01 84 01 30 03 5c 01 b0 04 48 01 e8 01 28 00 9c 00 54 00 e0 02 b8 01 7c 00 bc 02 64 02 3c     
01 80 01 a4 01 60 01 64 ff 68 04 30 01 40 03 94 ff 10 01 58 03 1c 01 7c 01 f4 02 5c ff e8 00 c8 00 4c 03     
c4 ff 8c 02 14 01 b4 00 d4 01 bc 01 cc 01 28 01 f0 01 24 03 bc 03 94 03 b8 03 84 01 40 00 24 02 1c 02 d4     
fe 74 03 20 02 78 ff 34 02 ac 01 54 00 d0 03 20 01 20 01 80 00 10 00 98 02 20 01 c8 02 08 03 54 03 94 02     
e8 01 64 01 ac 01 c4 02 a4 02 6c 02 d0 03 7c 00 0c 01 cc 01 38 00 10 01 28 01 54 00 a8 01 20 ff d8 03 74     
02 04 02 b0                                                                                                  
TransmitDec: Sending QUAD packet -> MZU, len=1280                                                            
CAppTransmitRaw.cpp: run(): Received <- 128 bytes from /dev/lport0.                                          
fd c2 02 aa fe 3d 00 5f 01 46 fe ae 01 25 00 ff ff c5 00 70 ff 6b 00 80 00 1f ff cd 00 b9 00 f3 ff           
9a 01 47 ff 82 ff 2d 00 83 ff c5 01 54 00 d4 ff 59 01 2f fe 2a 02 3f ff 72 01 8b ff 6d 00 16 ff              
0a 01 70 ff bc ff e6 01 05 ff d0 01 42 00 40 ff 18 02 4b fe f3 00 14 ff 86 00 78 ff 24 01 f9 fe              
34 01 7c 00 13 00 f8 00 5a ff 77 01 9f ff 79 01 79 00 06 00 a3 00 12 ff 71 00 39 ff 95 00 e8                 
CAppTransmitRaw.cpp: run(): Received <- 128 bytes from /dev/lport0.                                          
01 b7 ff f9 00 cb ff 02 00 1c 00 8f 00 2f 00 81 00 15 01 42 ff 3f 00 e2 00 93 00 82 01 69 fe 4c 01           
10 00 62 00 a9 00 41 fe 58 02 4f fe c8 00 aa 01 f3 fd c1 02 ec fd 89 00 4e 02 b1 fe 30 01 6a 00              
5f fe 7f 02 9c fe 95 01 be 00 d2 ff 5c 00 34 01 91 ff 56 00 bf ff 03 00 46 00 ee 00 49 ff a9 01              
SysSwIO: Read packet from task, len=1280                                                                     
48 fe ce 01 23 ff 93 00 71 01 d3 fe 28 01 49 00 06 00 bd 00 26 01 01 ff 98 01 72 fe 10 00 05                 
SysSwIO: Send -> packet to addr=188, packet-len=1280                                                         
CAppTransmitRaw.cpp: run(): Received <- 128 bytes from /dev/lport0.                                          
01 89 ff 4a 00 b6 ff 12 00 77 ff a6 01 1e ff 77 00 64 01 95 ff 15 00 16 00 b8 ff 35 00 b1 ff de 00           
0c 00 63 ff 89 ff f2 00 35 00 73 00 91 ff ab 01 ef fe 6f 01 b1 ff 48 01 14 ff 11 01 25 ff ec 01              
3e ff 08 01 41 ff 50 01 86 00 8e ff 97 00 06 00 1e ff b2 02 78 ff 61 00 12 00 19 00 e4 ff 00 00              
1c 00 78 00 bc ff 94 ff c6 01 f2 fe 9e 01 c6 ff 36 00 78 00 e3 00 dc 00 8c 00 49 00 a3 00 15                 
CAppTransmitRaw.cpp: run(): Received <- 128 bytes from /dev/lport0.                                          
01 7c ff 8a 01 16 00 1a ff 10 02 4e ff 0f 00 10 00 24 ff 03 01 8c 00 a8 ff 15 01 ac 00 e4 00 82 00           
23 ff 1a 01 7a ff cc 55 ff 03 4e 05 40 f7 ab 00 e8 ff 94 04 0c 0c e0 f9 c4 ff 60 02 7c fe a4 fb              
74 02 f8 00 3c f7 30 fd d0 01 f4 03 f4 02 88 ff 4c ff 88 04 90 0c 7c f8 b0 ff b8 05 c4 fa b4 06              
6c 01 04 04 b8 ff 00 fb 90 02 1c fc 00 01 b8 fb e4 ff a4 04 40 fe 84 fc 7c 03 c0 02 c8 05 24                 
CAppTransmitRaw.cpp: run(): Received <- 128 bytes from /dev/lport0.                                          
02 ec 02 f8 01 b8 02 5c 01 fc 02 b0 00 9c 01 98 02 50 02 30 01 a8 02 c0 01 88 00 f0 01 dc 00 00 02           
4c 02 6c 01 bc ff 94 02 80 02 c0 02 a4 04 54 02 dc 02 c8 03 cc 02 64 00 08 02 6c 02 18 01 b8 01              
84 02 a8 04 f0 00 48 01 c0 01 7c 00 94 01 8c 02 70 01 d0 02 fc 00 dc 01 1c 02 0c 02 f0 00 58 01              
ac 02 30 02 94 02 f0 00 54 02 44 00 b8 01 cc 01 c8 02 d4 01 58 01 9c 01 a8 01 60 01 e4 01 68                 
CAppTransmitRaw.cpp: run(): Received <- 128 bytes from /dev/lport0.                                          
ff 8c 00 a8 00 44 04 4c 01 64 03 10 04 dc 02 64 02 54 02 1c 03 00 ff d8 01 b0 00 70 00 48 02 cc 01           
30 02 08 00 24 03 28 00 b8 01 2c 01 8c 00 b0 ff 1c 01 50 03 90 03 70 01 50 04 d8 01 ac 01 bc 03              
7c 03 54 01 1c 03 08 ff b0 ff f8 01 08 02 d0 01 84 00 94 02 d0 01 90 00 f8 00 20 01 34 00 7c 01              
90 02 40 02 cc 03 3c 02 70 01 3c 01 0c 01 e8 04 2c 01 38 01 18 01 9c 00 cc 01 b8 01 30 01 ac                 
CAppTransmitRaw.cpp: run(): Received <- 128 bytes from /dev/lport0.                                          
01 64 01 9c 02 6c 02 c0 03 78 03 9c 03 f8 02 58 04 90 03 0c 00 98 02 00 01 d4 02 98 01 38 02 74 02           
8c 01 f0 ff 98 00 e4 ff 28 01 08 02 f4 00 f0 02 ec 01 78 01 50 02 98 02 a0 01 80 02 34 01 88 03              
a0 01 dc 02 bc 03 d8 00 80 02 e8 00 58 02 c0 00 78 00 f4 01 18 01 2c 02 10 04 64 03 44 02 d0 03              
a4 02 14 02 0c 04 b4 01 18 04 fc 02 d4 03 58 01 08 01 ec 03 00 02 68 02 70 02 4c 01 10 02 90                 
CAppTransmitRaw.cpp: run(): Received <- 128 bytes from /dev/lport0.                                          
ff 09 00 d5 01 cb ff 8e 00 e8 ff 20 ff 6c 01 b6 fe 20 02 f5 ff 3a 01 d2 00 1d ff 72 00 26 00 ad 00           
15 01 d9 fe c4 00 04 00 1b 00 f0 00 8c 00 77 ff b8 00 65 ff 75 00 4c 00 2f 01 e8 ff 42 01 45 00              
3f fe 1e 02 29 fe 46 02 8e ff f8 ff 2e 00 1d ff 3f 01 b3 ff 1e 00 bf 00 c7 00 ab fe da 01 c3 ff              
87 00 f8 00 2c ff 1d 00 fd 00 92 ff 4b 01 2b 00 04 00 a7 01 b6 fd 1e 02 2b ff 28 00 b1 00 48                 
CAppTransmitRaw.cpp: run(): Received <- 128 bytes from /dev/lport0.                                          
01 8f 00 73 ff 51 01 29 ff bb 00 57 00 2b 00 ad ff c8 00 4b ff b5 00 d2 00 16 ff 63 01 28 00 e4 ff           
61 02 8f fe 94 01 03 fe c6 01 7f fe 7f 01 85 ff 4a 01 df ff b7 01 db fe fc 00 2f 00 dd fe d3 02              
81 fe e3 00 92 00 15 ff aa 01 f4 fe 53 01 00 ff 56 01 a8 ff 2a 00 d0 00 3b ff bd 01 5b 00 66 ff              
8f 01 3b ff 9b 00 83 00 16 ff 54 02 b0 ff 4e 00 44 01 10 fe a0 01 7c 00 58 00 a1 ff ff 00 39                 
CAppTransmitRaw.cpp: run(): Received <- 128 bytes from /dev/lport0.                                          
01 7d fe 45 01 ca ff 0c ff 54 02 d5 fd ef 01 9b ff b2 00 69 00 d5 ff 3d ff 5d 00 f8 ff 27 01 ee ff           
ac 00 63 00 9a 00 e4 ff 9e 01 4d fe 72 02 47 fe 4a 00 81 01 83 ff df ff 9c 00 6c ff d6 02 fb fd              
35 02 7d ff 47 ff bd 00 ae 00 6d ff 8c 01 72 ff 5b ff ef 01 20 ff a0 01 21 00 9e 00 ad 00 13 00              
94 00 07 00 9a ff 17 00 c1 01 9e fe 27 02 1b ff 53 ff 95 01 1a fe 2d 01 50 00 7a ff fb 01 b4                 
CAppTransmitRaw.cpp: run(): Received <- 128 bytes from /dev/lport0.                                          
ff f2 ff 86 01 6f 00 f3 00 cf ff 45 ff ce 01 d6 ff 1e 02 b9 fe 07 01 15 00 84 ff 9a 00 15 01 36 fe           
ce 01 ea fe be 00 76 01 c5 fe d0 01 b4 fe 4b 01 47 00 c3 00 d6 00 20 00 44 ff 55 00 d7 ff 07 00              
a7 00 af 00 67 ff 9e 00 e8 fe 7d 02 31 00 c8 00 2a 00 28 fe b3 02 51 fe fa 00 a4 01 69 ff d3 00              
ef ff 1c ff c2 00 c8 ff cd 00 d1 ff e1 00 b4 00 c5 00 f2 00 ae 00 34 fe c1 01 01 00 df fe 81                 
CAppTransmitRaw.cpp: run(): Received <- 128 bytes from /dev/lport0.                                          
00 14 02 4c 00 9c 00 b8 02 f8 01 74 03 ac 00 cc 01 80 00 54 02 f4 01 f8 01 84 01 38 ff c0 03 24 01           
ac 01 d8 01 a4 00 6c 04 24 02 a8 03 cc 01 2c 03 7c 00 0c 00 0c 01 1c 01 fc 01 30 fe 38 02 44 ff              
14 01 d8 01 58 00 4c 02 d0 ff 0c 03 08 02 64 02 d4 01 28 00 84 01 08 01 e0 03 58 00 c0 02 34 fe              
60 00 bc 01 58 01 e8 ff f0 ff 54 01 54 01 e0 01 3c 02 1c 00 28 03 54 01 14 05 c8 01 ac 01 10                 
CAppTransmitRaw.cpp: run(): Received <- 128 bytes from /dev/lport0.                                          
00 c8 01 e4 01 a8 01 80 01 00 02 3c 01 ec fe a8 02 84 02 0c 00 b0 00 54 00 e8 00 f4 00 44 02 ec 01           
b4 02 ac 01 d0 03 0c 01 dc 01 c8 01 64 03 fc 02 94 02 4c 00 80 01 e4 01 60 00 bc 01 60 02 c4 01              
98 ff 40 02 74 01 a8 02 a8 01 3c 02 50 02 04 03 d0 00 60 02 6c 01 68 01 f8 00 0c 01 e0 02 84 01              
30 00 08 01 98 01 74 01 b4 fe 28 ff a4 01 14 01 d8 03 e0 03 14 01 04 01 28 01 5c 00 3c 04 f8                 
CAppTransmitRaw.cpp: run(): Received <- 128 bytes from /dev/lport0.                                          
02 5c 00 b8 02 d8 00 38 02 98 01 68 02 84 02 20 00 e8 00 24 00 38 00 d8 fe 94 02 54 01 88 03 94 02           
24 02 74 01 ac ff 34 02 c4 01 18 00 a8 02 9c 00 ec 00 b8 01 2c 05 d8 01 8c 01 60 00 64 ff 44 01              
7c 00 c8 01 ac ff 8c 01 2c 03 dc 01 c0 01 b8 01 98 00 c0 01 14 04 28 02 34 02 30 00 18 02 0c 00              
ac 02 e0 03 f8 fe ec ff 68 00 20 ff d0 02 54 01 74 01 54 01 d8 01 f4 02 bc 01 d8 01 a8 01 44                 
CAppTransmitRaw.cpp: run(): Received <- 128 bytes from /dev/lport0.                                          
03 18 03 c4 01 d8 03 a8 02 a0 01 b8 02 d4 01 28 01 80 01 a8 02 54 01 e0 ff bc 01 90 00 38 02 68 03           
80 02 08 02 3c 01 88 01 d0 02 08 02 38 01 14 01 6c 03 28 03 cc 02 64 01 84 01 88 ff 3c 00 00 01              
ac 02 38 01 b8 01 08 01 04 01 0c ff 3c 02 dc 01 bc 01 98 01 9c 02 ec 01 f8 02 9c 01 c4 02 4c 03              
80 01 b4 00 74 01 80 00 5c 01 cc 01 5c 02 7c 02 e4 00 64 00 3c 02 fc ff 90 00 b4 03 fc 01 60                 
CAppTransmitRaw.cpp: run(): Received <- 128 bytes from /dev/lport0.                                          
00 0c ff ed 01 d0 fd 5a 01 68 ff da 00 5c 01 6a ff c6 ff 5e 01 77 ff af 00 bc ff 8e 00 03 00 db 00           
08 00 11 00 0e 00 72 00 dc ff e5 ff ab 00 6f ff e0 00 da 01 74 fd 5f 02 75 fe ac 00 56 02 b4 fe              
03 01 1a ff 5b ff b3 01 16 01 cb fe 5d 02 3f fd 32 01 c2 00 3c ff c5 01 21 ff 8c ff cc 00 4d 00              
d0 ff f5 01 67 fd 06 03 50 fe ee 00 1a 01 2b ff 7d 00 72 01 05 00 55 00 82 00 1b fe 97 02 bd                 
CAppTransmitRaw.cpp: run(): Received <- 128 bytes from /dev/lport0.                                          
00 06 00 72 00 33 00 40 00 0e ff 37 02 d3 fe 83 00 69 00 4b 00 21 00 c9 00 fb fe 1e 01 33 ff ec 00           
58 01 b6 fe 9f 01 a8 fe c7 01 fd ff 42 01 7d ff 56 00 7d ff 06 00 b7 00 cf ff bf 01 53 fe fa 01              
80 ff 8d ff 65 01 99 fe 7c 00 c9 01 fe ff 84 ff d3 00 4d fe 58 01 f7 01 39 ff 06 01 3e ff 00 00              
0c 00 ad 00 0a 01 7a 00 24 00 27 00 a2 00 0a 00 ae fe 08 01 20 00 e5 00 0c 00 a9 ff fb ff 14                 
CAppTransmitRaw.cpp: run(): Received <- 128 bytes from /dev/lport0.                                          
00 ba fe f5 02 73 ff db 00 c9 00 41 fe 43 02 6a ff 69 00 96 00 2a 00 06 00 16 00 c5 00 fe 01 5f ff           
d8 ff 40 01 b0 ff 4a ff 4b 01 3f fe 40 02 c6 ff 15 01 2b 00 95 ff 1b 01 56 ff 00 00 97 ff 70 00              
41 00 b9 00 0f 01 18 ff 1c 02 ad fd 2d 01 72 00 19 01 6d ff 62 ff 0d 00 a5 00 d0 00 16 01 f7 fe              
ae 01 1c ff cb 00 ae 00 81 ff 14 01 98 ff 70 00 0d 00 42 00 b5 00 19 00 6a ff 8f 00 6f 00 4c                 
CAppTransmitRaw.cpp: run(): Received <- 128 bytes from /dev/lport0.                                          
ff af 00 63 ff 86 01 3a fe ac 01 19 ff 88 01 bf ff 5e 01 3f ff 32 01 08 fe 72 00 e6 00 60 00 f4 00           
dc 01 8f fe 6d 01 04 ff 62 ff 5d 00 f0 ff e4 01 56 ff b3 00 15 01 59 ff 2e 00 21 01 b2 fe ca 02              
85 fe c4 00 5e 01 0d fe 4f 01 63 ff 83 00 76 00 49 00 71 ff 0d 01 d4 ff 51 ff be 02 85 fe 6a 02              
63 fe 31 01 34 ff 75 02 32 fe 8b 02 4a fe 2b 01 c5 00 14 ff 0a 02 46 ff 5b 00 63 ff 85 ff 1c                 
CAppTransmitRaw.cpp: run(): Received <- 128 bytes from /dev/lport0.                                          
fc a4 fe b0 04 d8 05 64 fe f8 00 ac 02 c4 01 4c 01 c4 01 78 03 64 01 c8 02 48 01 90 ff 54 02 c4 00           
0c 01 a8 01 f0 02 e4 04 44 00 ac 01 20 02 28 01 60 02 a8 03 20 03 64 01 c4 02 88 01 b8 00 c8 02              
e4 01 f8 00 78 02 28 01 20 01 c0 01 68 00 6c 01 0c 01 94 02 e8 03 7c 02 08 04 7c 02 80 01 38 02              
64 02 28 02 9c 00 34 02 38 02 54 00 00 02 20 02 20 ff 34 02 2c 02 40 ff 80 01 28 00 50 02 54                 
CAppTransmitRaw.cpp: run(): Received <- 128 bytes from /dev/lport0.                                          
03 b0 01 2c 01 18 04 58 02 dc 04 5c 02 cc 02 60 01 d8 00 8c 02 18 02 d8 03 fc 00 54 01 f0 03 00 01           
40 00 84 ff f8 00 e0 00 60 02 90 01 54 02 5c 01 ec 00 a0 02 38 02 94 04 a8 01 f8 01 20 02 2c 00              
04 02 70 00 04 01 e8 00 48 01 20 02 a4 01 98 00 dc 00 88 01 8c ff 88 01 a4 02 50 02 e0 02 30 02              
4c 03 24 00 a4 03 68 01 0c 03 6c 00 40 ff f0 01 9c 00 c0 ff 88 00 70 02 54 02 d4 01 e8 01 30                 
CAppTransmitRaw.cpp: run(): Received <- 128 bytes from /dev/lport0.                                          
00 60 03 0c 02 c0 02 f0 04 b0 00 40 00 e0 01 08 03 e8 01 78 03 e0 03 a4 01 c0 00 0c 01 ac 01 b8 00           
34 00 1c 01 44 00 14 03 70 01 f0 03 9c 00 5c 02 20 03 1c 02 70 02 a0 ff e4 02 94 01 ec 03 5c 03              
04 01 00 03 64 00 80 00 0c 00 74 01 c0 00 10 01 18 03 2c ff cc 01 e0 ff 80 02 f8 01 5c 02 98 02              
74 01 d4 02 30 02 3c 01 dc 01 2c 02 48 03 94 00 54 03 fc 01 b0 00 d8 01 68 01 58 ff 8c 01 60                 
CAppTransmitRaw.cpp: run(): Received <- 128 bytes from /dev/lport0.                                          
ff 68 01 b4 01 00 04 3c 01 4c 03 64 01 f0 00 bc 02 98 00 98 03 24 01 20 02 54 02 a8 01 40 01 38 00           
bc 00 78 00 dc 02 70 02 94 01 f4 01 38 02 58 00 a4 00 90 03 84 04 4c 03 28 03 bc 03 34 03 80 00              
d8 03 24 00 cc 01 cc 01 50 01 14 02 9c 02 70 00 60 01 d4 00 44 02 a4 02 64 00 a0 00 0c 01 1c 00              
78 03 90 02 70 03 6c 02 24 01 68 01 2c 01 68 02 f4 01 0c 01 a0 02 d8 00 7c 02 e8 01 44 00 64                 
CAppTransmitRaw.cpp: run(): Received <- 128 bytes from /dev/lport0.                                          
00 98 03 ac 01 cc 02 88 01 c8 00 f4 02 8c 02 54 03 50 04 c8 02 0c 04 ac 00 a0 02 34 01 3c 02 b8 01           
c0 02 d8 00 68 01 b0 55 ff 01 bc 01 f3 ff ab fd a4 01 f0 00 2b fe 56 05 e6 fc c6 01 a1 00 20 fc              
d5 01 d3 01 14 ff dd 04 1b fc 70 02 a7 ff 4f fe 06 00 bc 01 20 ff df 02 40 ff a3 fe 04 01 a9 fe              
5f 01 eb 00 d2 ff 4b 03 38 fc 91 03 d5 fd 67 fe e7 02 90 ff 0d 01 05 01 e1 fc 50 02 f1 fe fd                 
CAppTransmitRaw.cpp: run(): Received <- 128 bytes from /dev/lport0.                                          
fe b9 01 b0 01 5c fe 68 05 cf fb 1e 04 14 fd ad 00 53 02 0b fe c2 01 83 ff 21 00 37 ff 39 01 8f fe           
f8 00 ff ff 8e 01 f8 ff 77 00 df 00 d8 ff af 01 5c 00 a1 ff e2 01 6b fe e7 00 31 00 b3 fe 43 02              
44 ff a9 00 67 00 00 ff 05 00 d9 01 d7 fe b6 02 4a ff 48 00 e7 00 63 00 08 ff 90 02 a7 fd 22 01              
9f 00 4a fe 6f 01 f6 ff 05 00 fa 02 b3 ff 16 ff 7f 00 0b ff ae 00 d3 00 b6 ff e2 01 38 ff ab                 
CAppTransmitRaw.cpp: run(): Received <- 128 bytes from /dev/lport0.                                          
00 df 00 55 fe f6 02 45 fd 0c 02 5f ff 4e ff ef 00 d2 ff d4 01 be ff e2 01 0c ff 20 01 ce fe cc 00           
67 00 01 00 d5 01 c6 ff d0 00 54 00 41 00 24 00 ab ff 26 00 18 00 7b 00 d2 ff 1c 01 8c fe a8 00              
c8 ff 23 02 12 ff c9 00 eb 00 23 fe 18 02 2c ff c7 ff e9 00 b7 fe f2 01 7f 00 9a ff 10 01 ac ff              
1a 01 12 00 31 00 34 ff 8b 00 af 00 da fe f8 02 f3 fd 87 02 04 fe 70 00 66 00 94 00 de 00 f4                 
CAppTransmitRaw.cpp: run(): Received <- 128 bytes from /dev/lport0.                                          
00 d8 ff 0f 01 c9 fd 08 02 bb fe a8 00 b9 00 b2 00 8b 00 63 01 cf ff 11 ff 2b 02 0f fd 1f 02 87 ff           
7b ff 9b 02 71 fe 31 01 e2 ff 16 01 62 ff 87 01 b5 fe 37 01 7c 00 53 ff 86 02 44 fd c3 02 a4 fe              
1f 00 5a 02 a7 fd 3a 01 60 01 ae fd 2c 02 46 ff 2a 00 cc 01 8d fe b4 00 9c 01 06 fe e3 00 a1 00              
93 ff d6 01 7c ff 65 02 f8 fe 05 ff 07 01 7d ff 01 01 12 01 9f fe 39 01 aa fe 37 01 a3 ff 9f                 
CAppTransmitRaw.cpp: run(): Received <- 128 bytes from /dev/lport0.                                          
01 01 ff d5 00 13 00 df 00 c8 00 23 ff c9 01 81 fe 8b 01 95 ff 61 00 37 00 7a 00 ef ff 54 01 41 ff           
73 01 b4 ff 26 00 7f 01 d2 fe 7f 01 10 00 0a ff e0 00 84 00 43 00 94 00 18 ff 3d 00 f4 00 ed ff              
80 00 da 00 8a ff d5 01 c7 fe 6d 01 5f 00 a9 00 a1 00 60 00 ba ff 39 01 59 fe 4b 02 d9 fe 65 01              
f7 ff 02 fe db 00 cc 00 87 ff e4 00 38 00 65 ff 2a 02 81 fe da 01 92 fe 2f 00 84 00 78 00 da                 
CAppTransmitRaw.cpp: run(): Received <- 128 bytes from /dev/lport0.                                          
ff e6 01 64 fd 48 01 4c ff 14 00 bf 01 f7 ff cb ff 16 00 4e 00 ef ff ea 00 46 01 80 fe d7 02 ea fc           
ba 02 00 ff ab 00 f2 01 0a ff 26 01 b3 ff 80 ff d6 00 0e ff 00 01 55 00 26 00 c4 ff a7 ff 1d 00              
e9 01 e0 fe 99 00 3a 00 ff ff f5 00 11 00 21 ff 0e 01 b6 ff 69 00 fe 01 3f fe f8 02 69 fe 2c 01              
e0 00 3e fe fa 00 46 ff 77 ff a2 01 61 ff b3 01 f5 ff a8 00 f5 ff 04 00 61 ff 9d 01 37 ff ee                 
CAppTransmitRaw.cpp: run(): Received <- 128 bytes from /dev/lport0.                                          
00 f5 01 82 fe 04 03 95 fd 5a 01 74 00 88 ff 42 00 e0 00 41 ff 89 00 f0 00 b9 ff db 01 7c ff 22 01           
5a ff 62 00 a3 00 22 00 69 00 af 00 fb fe 15 01 8e 00 d4 ff 51 01 82 fe d6 00 96 ff 74 00 a9 00              
8a ff ea 01 fd ff 9d ff 3f ff 53 01 7c fe f6 02 5d ff d9 01 ef 00 01 fe 18 01 05 00 e6 fe d6 01              
d3 fe ac 00 fb 01 c8 ff 58 01 b3 ff e4 ff 17 00 47 00 62 00 4b ff cb 01 c4 fe b1 02 d7 fe 18                 
CAppTransmitRaw.cpp: run(): Received <- 128 bytes from /dev/lport0.                                          
01 53 ff 56 01 d4 fd 8a 02 04 00 8e 00 b3 00 3b ff a0 00 09 ff f8 00 b1 ff ac 00 a2 ff 8f 01 dd 00           
8e ff 1a 00 f9 00 0d ff 51 02 7f fd e7 01 48 00 4e ff ec 02 cc fe 2f 00 f1 ff 2f ff 14 02 ed 00              
b5 fe 54 02 f6 fc 34 01 4e 01 b9 fe 34 02 fb ff cf fd ec 03 54 fe 2f 00 62 01 1a fe e4 02 d6 fd              
cc 01 33 00 42 00 61 00 2b 01 27 ff 48 01 21 ff 6f ff 4f 01 08 ff af 01 2a 00 1b ff 98 01 3e                 
CAppTransmitRaw.cpp: run(): Received <- 128 bytes from /dev/lport0.                                          
ff 9d ff b9 01 30 ff 9b 00 70 01 6d fe 37 02 e0 fe cf 00 58 00 21 00 3e 00 1b 01 03 fe c7 02 5c fd           
8a 01 bd 00 00 00 f5 55 ff 03 18 01 68 f8 ab fe 00 02 fc 02 1c 0b 4c f8 b8 01 84 03 54 fb 48 fc              
fc 01 2c 06 9c 0a e4 fd 08 ff 54 04 f0 ff dc fe bc 00 78 02 80 06 e4 f9 04 00 b8 03 00 f7 50 00              
e0 01 d4 04 24 0a 78 f8 b4 00 d8 fe c0 f7 98 01 8c 03 d4 05 c4 09 50 fb 88 fe 60 03 e4 f4 58                 
CAppTransmitRaw.cpp: run(): Received <- 128 bytes from /dev/lport0.                                          
ff 2c 01 6c 03 d0 ff b0 fc c0 00 80 ff 0c 02 bc 00 90 02 b8 02 8c 01 94 02 c4 01 ac 01 90 02 94 02           
24 02 98 00 e8 02 e8 00 8c 01 ec 00 ec 01 c8 00 1c 02 30 01 f0 00 9c 04 90 01 30 ff 48 03 a4 02              
d0 00 f4 03 a8 03 34 00 a0 02 38 01 18 04 60 00 e8 01 14 02 20 02 7c 00 50 02 64 00 04 01 80 01              
44 02 7c 01 c8 02 c4 03 54 02 54 03 90 02 1c 02 10 04 20 03 f0 02 c0 02 d8 02 14 01 64 02 30                 
CAppTransmitRaw.cpp: run(): Received <- 128 bytes from /dev/lport0.                                          
00 30 04 b0 00 20 00 6c 01 fc ff c8 00 1c 03 a8 01 70 02 e8 01 14 04 f8 02 8c 03 ec 01 c8 02 ec 01           
80 03 9c 01 b0 01 e8 02 fc 00 c4 01 f4 02 2c 01 5c 02 c4 00 b8 01 58 00 98 02 78 00 28 02 8c 01              
08 03 c4 01 e4 01 a0 03 f8 01 8c 02 60 00 e8 02 54 01 20 01 00 03 b8 00 84 02 4c 01 dc 00 98 00              
78 01 78 01 84 01 b8 02 88 02 fc 02 54 01 40 01 d4 03 18 01 4c 04 c4 01 2c 02 58 01 74 01 6c                 
CAppTransmitRaw.cpp: run(): Received <- 128 bytes from /dev/lport0.                                          
02 68 02 94 00 c0 00 e0 02 5c 02 d4 00 b0 01 84 00 94 00 a8 01 c4 02 48 00 48 02 c0 01 0c 02 bc 01           
e4 01 44 03 88 04 f8 01 a8 00 5c ff 84 02 20 02 78 01 9c 00 28 02 2c 02 60 01 28 02 68 01 50 01              
f4 ff c0 02 f4 02 70 02 38 02 d0 01 7c 02 18 01 f8 03 7c 00 d0 01 1c 00 c8 ff dc 03 3c 02 ac 00              
70 00 7c 02 dc 00 30 02 dc 02 50 ff 74 01 2c 01 04 03 94 01 b8 03 a0 03 f0 00 8c 02 90 01 60                 
CAppTransmitRaw.cpp: run(): Received <- 128 bytes from /dev/lport0.                                          
02 44 02 04 01 4c 00 90 00 e8 02 f4 01 d4 00 88 01 84 03 14 02 7c 01 50 03 c4 00 04 01 0c 00 5c 05           
34 02 6c 01 f8 02 8c 01 80 00 60 02 84 02 dc 01 a0 00 54 00 6c 01 80 02 3c 02 c4 00 6c 01 84 01              
58 01 38 00 c0 02 f4 01 04 02 7c 02 4c 03 58 02 c8 01 0c 03 f8 ff 1c 02 94 02 14 01 0c 00 74 01              
38 01 a8 00 b8 02 20 01 0c 02 ac 00 f8 01 d4 02 9c 02 e8 02 a4 01 1c 02 68 01 94 03 d8 01 48                 
CAppTransmitRaw.cpp: run(): Received <- 128 bytes from /dev/lport0.                                          
02 0c 03 3c 00 38 02 34 ff 88 02 28 00 20 01 ac 01 b8 00 08 01 84 02 e8 01 9c 02 e4 01 68 01 5c 03           
74 01 48 02 e4 02 48 01 64 02 a8 00 2c 02 b0 02 48 01 98 00 e8 00 30 00 38 02 3c 00 38 01 44 00              
70 02 1c 02 90 02 98 03 b8 00 88 03 98 02 bc 02 0c 03 88 03 d0 02 8c 01 40 02 ec 00 84 02 30 01              
e0 00 fc 00 dc ff ec 02 a8 00 3c 00 ec 01 18 01 18 03 e4 04 04 04 b4 01 4c 02 04 02 38 02 58                 
CAppTransmitRaw.cpp: run(): Received <- 128 bytes from /dev/lport0.                                          
02 68 02 30 01 64 02 40 01 4c 01 4c 03 a0 01 74 ff cc 01 1c 00 b8 01 64 02 38 01 24 01 9c 02 a0 01           
4c 02 68 02 40 02 dc 02 7c 01 10 03 88 02 3c 01 c0 02 04 ff 00 02 c0 01 88 01 c4 00 44 02 ec 01              
68 ff 7c 02 90 02 70 01 08 02 a0 01 e8 03 9c 02 38 04 18 01 4c 03 7c 00 88 02 54 02 30 02 b8 02              
8c 00 54 02 18 03 b8 01 ac 01 44 01 68 01 f0 ff 68 03 10 02 54 02 f0 02 b0 01 5c 05 34 02 bc                 
CAppTransmitRaw.cpp: run(): Received <- 128 bytes from /dev/lport0.                                          
03 1c 02 4c 02 58 00 c0 00 5c 03 80 01 5c 02 60 fe a4 01 60 01 a4 01 a0 02 10 01 84 01 d4 01 a0 03           
70 02 1c 01 a8 03 e4 01 74 02 60 00 68 02 cc 00 e8 02 a4 01 ac 00 fc 01 74 02 c0 00 34 00 2c 02              
04 02 40 01 10 02 94 00 f8 01 f4 01 54 02 bc 03 ac 01 7c 02 84 01 9c 01 78 02 cc 03 0c 00 ec 01              
c0 01 68 ff 00 02 cc 01 80 01 c4 00 c4 02 00 00 6c 01 f4 03 d4 ff 90 02 b0 00 70 03 c8 01 48                 
CAppTransmitRaw.cpp: run(): Received <- 128 bytes from /dev/lport0.                                          
02 a0 02 d4 01 68 01 04 01 4c 02 24 00 60 01 f0 01 74 ff d0 03 80 01 10 00 84 02 40 01 94 02 d8 02           
18 01 48 02 f0 00 0c 55 ff 01 a0 02 54 fe ab ff 59 ff 98 03 b8 fd aa 03 70 ff 45 fd c0 02 af fb              
ff 02 8e 00 54 00 d7 00 08 ff e7 ff ac 01 6c ff 85 00 f4 00 60 ff 1b 02 42 fe 0b 00 8b 01 ce fd              
14 00 f8 03 e1 fc e7 02 ca ff 58 fe c4 03 78 fc d3 00 65 01 86 fd e1 05 90 fc be 02 df ff 5a                 
CAppTransmitRaw.cpp: run(): Received <- 128 bytes from /dev/lport0.                                          
fd 96 01 22 01 27 ff b0 03 7f fe b6 ff 56 01 9b ff bd fe 84 04 21 fc e0 03 5e fe 0c 00 96 01 68 fe           
b2 00 29 00 2d ff bd 01 30 ff b3 01 9f ff 2e 00 5f 00 3e 00 1c 01 bc 00 91 ff b6 00 74 00 1c 00              
41 02 6d fe 40 01 0e ff 74 00 0b ff f0 00 d1 00 ac ff de 01 47 fe 0d 01 5e ff 96 00 2b 00 fc ff              
01 01 fc ff e9 00 62 ff ad 00 c5 00 02 00 78 00 f8 fe 07 01 4a 00 d7 01 c2 fe 8d 01 73 fe 98                 
CAppTransmitRaw.cpp: run(): Received <- 128 bytes from /dev/lport0.                                          
00 d1 00 d9 ff 9b 00 5b 00 3a 00 f2 00 78 ff 70 ff 2e 00 ce ff 53 01 bc ff 79 ff a8 01 8d ff 88 01           
72 ff 93 01 47 ff 07 00 f9 ff 2f 01 ab fe e8 01 3d ff d9 01 52 ff 44 00 d4 00 6e fe 49 01 ed ff              
85 01 57 ff 53 01 39 ff 49 01 95 fe fa 00 58 ff 15 02 d9 ff 0b 00 24 00 8e ff a8 00 6c 00 d7 ff              
c0 00 b5 01 04 fe e0 01 d9 ff 2e 00 e0 00 09 ff db 00 c6 ff 05 01 47 ff b8 00 d1 00 e7 00 d9                 
CAppTransmitRaw.cpp: run(): Received <- 128 bytes from /dev/lport0.                                          
fe 5f 02 13 ff 17 00 45 01 11 fe ac 02 fd ff 6d ff 88 01 10 ff 6b 00 db 01 48 ff 40 01 0a ff 03 02           
9d fd c6 01 c2 00 1d fe af 01 54 ff d9 00 d7 ff 2b 00 ee 00 a4 00 d4 00 68 ff 2f 01 17 ff 41 01              
60 fe 81 01 20 00 c4 ff 4a 00 82 ff c2 00 ed ff 0c 02 bc fe 27 02 4d fe c2 01 31 fe 57 00 9b 01              
c4 fd ea 03 1d fe bb 01 28 01 2a fe ff 01 10 fe 51 02 a3 fe aa 01 b7 fe 88 01 6d ff 4f 00 a8                 
CAppTransmitRaw.cpp: run(): Received <- 128 bytes from /dev/lport0.                                          
00 4c ff a4 00 ad ff b4 01 2c ff c1 01 4c fe 56 01 9a ff 7a 01 68 00 7d fe a3 01 3e ff 45 00 a8 01           
71 fe a8 01 9d 00 78 fe 46 01 94 ff 6b 00 ff 01 bd fe 68 01 20 00 8a ff ab 02 3f fd 80 02 35 fe              
c6 00 8e 00 53 00 c1 ff 7b 01 7a ff de 00 6c 00 02 ff 1a 01 29 00 c5 ff 4b 01 95 00 1a ff 63 02              
2b ff 23 00 87 00 16 00 9d 00 cb ff 52 01 53 ff 23 01 b4 00 92 00 e8 ff 37 01 07 ff 5e 01 89                 
CAppTransmitRaw.cpp: run(): Received <- 128 bytes from /dev/lport0.                                          
ff fb ff 0f 00 36 00 d3 ff bb 01 b7 fe 3e 02 a5 ff 81 fe 85 02 29 fd 75 03 a1 fd c6 02 a5 fd b2 00           
02 01 e0 ff e9 01 c9 fe e5 00 8d 00 bb ff 94 00 1d 00 cc ff 0d 01 de ff 29 01 96 ff 46 01 c3 00              
51 ff 50 00 8e 00 9d 00 ad 00 39 ff e6 01 13 ff e8 00 3d ff d1 00 26 01 03 00 ce ff dd 00 36 ff              
30 01 e2 fe c3 01 32 ff 8d 00 f7 ff 1d 02 b0 fe 0b 01 06 ff eb ff ff 00 79 00 bb ff b1 00 f5                 
CAppTransmitRaw.cpp: run(): Received <- 128 bytes from /dev/lport0.                                          
ff 3d 00 98 01 fb ff 8f 00 52 00 59 fe a1 02 4b fd 39 02 f3 fe 98 00 d8 00 af 00 8c fe 9e 01 08 ff           
b9 ff d2 01 60 ff 22 00 ce ff 75 00 11 01 22 ff 2c 01 7b ff 55 00 b8 00 78 00 83 00 20 02 27 fd              
19 02 6a ff 6c ff 3e 03 71 fd 7d 02 bf fe 1e 01 bb fe 14 02 3c fe 64 01 df fe 17 01 3c 00 d1 ff              
43 01 45 ff 9f 00 45 ff cb fe 42 02 78 fe 9a 02 7f fe 9d 01 9e fe 9e 01 19 ff 7e 01 e7 ff dc                 
CAppTransmitRaw.cpp: run(): Received <- 128 bytes from /dev/lport0.                                          
fe 48 02 18 ff 91 00 df 01 3b fd 02 02 f3 fe f8 00 8f 01 29 ff 74 00 23 01 7a ff 5f 00 d3 ff 51 fe           
57 01 dd 00 bb ff e3 01 95 ff 36 00 e1 00 3a 00 9f 01 04 ff c5 00 00 ff c4 00 89 ff da 01 67 fe              
31 03 2d fe b6 01 0b ff f3 ff 01 00 f4 ff 35 01 46 ff ef 00 7c ff 05 02 9d fd f9 01 45 ff 47 01              
93 00 66 00 ad ff ac 01 a6 fe 7a 01 a0 00 4f ff 4b 00 5f 00 5c ff 9c 02 87 fe 7c 00 6c 00 a6                 
CAppTransmitRaw.cpp: run(): Received <- 128 bytes from /dev/lport0.                                          
ff cc 00 b5 ff 7a 00 69 00 8f ff 91 01 6e ff e1 00 dd ff ca 00 2b 00 ed 01 41 ff 43 01 be ff a3 ff           
27 01 49 ff 79 01 88 55 ff 03 28 02 e0 fe ab fc a0 02 74 03 d4 04 8c fc 0c 01 70 03 60 01 fc ff              
0c 01 58 04 10 06 34 fd b8 02 0c 04 b0 00 48 fc b8 02 c8 03 14 05 24 00 08 fe 64 05 44 01 f8 ff              
48 fe 6c 02 bc 01 08 fb 58 02 a8 01 b4 f2 44 ff 10 02 9c 05 dc 0a 10 fd fc fe 34 03 0c f9 80                 
CAppTransmitRaw.cpp: run(): Received <- 128 bytes from /dev/lport0.                                          
02 1c 00 54 04 00 02 0c fc 10 02 ec ff b4 02 d8 00 08 01 f0 02 e8 00 e0 02 a8 02 20 01 14 03 7c 03           
3c 02 04 02 f4 02 10 00 60 02 14 01 60 01 8c 01 84 02 94 01 44 01 0c 01 78 01 1c 02 84 02 48 00              
58 02 7c ff c4 02 c4 02 5c 02 d8 02 e0 01 70 00 ec 01 24 02 a4 01 b8 02 58 02 ac 00 80 01 6c 01              
00 02 58 00 e0 02 f4 00 c4 00 70 02 64 01 a8 01 a8 00 30 03 88 01 a4 00 c0 02 98 01 38 03 c8                 
CAppTransmitRaw.cpp: run(): Received <- 128 bytes from /dev/lport0.                                          
02 e4 02 1c ff 90 02 a4 ff 50 00 f0 02 cc 00 c8 02 1c ff 20 02 34 02 0c 02 ec 01 0c 02 a8 01 00 00           
d0 03 04 01 e4 02 d4 03 38 00 20 02 ac 00 7c 01 00 01 b4 00 1c 02 80 00 98 00 80 01 fc 00 c4 03              
f4 01 b4 01 c0 01 10 02 1c 02 a4 02 44 02 a4 02 04 01 04 02 08 03 c8 01 f8 00 48 01 68 02 68 00              
ec 00 1c 01 e8 ff d4 01 fc 02 b8 02 a0 03 54 02 30 03 68 03 cc 02 60 02 08 02 18 01 9c 02 0c                 
CAppTransmitRaw.cpp: run(): Received <- 128 bytes from /dev/lport0.                                          
02 dc 00 88 02 90 00 1c 00 64 01 78 01 84 01 d8 01 a4 01 48 ff 48 03 84 02 28 02 3c 02 50 02 ac 00           
3c 03 a8 02 f0 00 b8 01 5c 02 0c 03 44 00 50 02 5c 03 70 01 7c 00 08 02 ac 00 18 00 74 01 18 01              
28 01 d8 03 84 02 0c 02 c4 01 30 01 f8 02 6c 02 98 03 9c 02 3c 01 a8 02 3c 02 7c 01 fc ff a4 02              
70 01 a8 00 94 00 ac 00 84 01 78 01 64 01 4c 01 f0 02 e8 02 f0 02 68 03 dc 00 58 01 e0 01 94                 
CAppTransmitRaw.cpp: run(): Received <- 128 bytes from /dev/lport0.                                          
03 ec 01 a8 00 00 02 c8 00 fc 02 f4 00 90 02 08 01 d0 ff 44 01 34 00 80 01 74 03 f0 00 48 02 38 01           
8c 02 3c 02 8c 02 bc 01 38 02 88 01 a4 01 d4 01 e8 01 98 01 60 00 b0 01 44 02 ec 01 10 02 94 00              
64 01 88 00 28 01 98 02 70 02 d4 02 c8 01 18 02 50 02 2c 03 18 02 ec 01 1c 01 f8 01 34 01 90 01              
54 02 40 ff 60 02 80 01 a0 02 a8 00 5c 01 ac 03 58 ff 2c 03 a8 02 e0 00 40 03 74 02 94 03 d0                 
CAppTransmitRaw.cpp: run(): Received <- 128 bytes from /dev/lport0.                                          
01 54 04 18 01 5c 01 ec 01 48 00 60 00 10 02 74 02 20 00 a4 02 74 02 50 01 48 01 04 ff 64 02 e4 00           
50 02 c8 01 04 02 6c 02 c0 02 fc 02 28 01 bc 03 a0 01 dc 00 68 01 38 ff ac 02 24 01 10 01 4c 01              
c4 01 80 01 30 02 60 02 58 00 a4 02 cc 00 74 03 d4 00 34 00 c8 02 c0 01 80 02 a4 02 08 03 8c 00              
30 01 58 00 a0 00 68 01 50 02 cc 01 d4 ff 00 02 c8 02 84 01 40 01 78 01 54 02 e8 00 70 03 14                 
CAppTransmitRaw.cpp: run(): Received <- 128 bytes from /dev/lport0.                                          
02 b0 01 58 02 08 03 00 00 50 02 60 02 e0 00 bc 00 a8 ff ac 01 e4 01 e8 00 dc 02 50 01 dc 01 a0 01           
74 01 14 03 f0 02 34 00 a8 01 38 02 88 01 4c 02 2c 04 b8 01 f0 00 68 01 48 01 74 ff f0 01 80 01              
04 ff a8 01 6c 01 1c 00 b0 02 ec 01 4c 02 90 01 1c 04 cc 01 bc 01 b0 01 c8 02 50 02 28 01 e0 02              
7c 01 6c ff 80 01 d8 01 90 01 d0 01 d0 01 34 01 34 03 fc 02 60 02 20 02 00 03 b0 01 1c 03 3c                 
CAppTransmitRaw.cpp: run(): Received <- 128 bytes from /dev/lport0.                                          
02 30 02 c0 03 e4 01 e4 01 18 02 10 01 84 03 54 00 08 01 dc 00 a4 01 10 ff 9c 01 54 00 d8 01 fc 02           
4c 03 c0 03 68 03 e0 00 6c 02 0c 02 8c 03 70 01 d0 01 14 03 60 01 90 01 6c 01 28 01 fc 01 28 00              
e8 01 98 00 04 01 d8 01 f4 02 70 01 a8 02 40 02 e0 02 d0 03 b4 01 54 02 a4 02 3c 01 e8 00 08 01              
ac 01 bc 00 40 00 bc 01 38 01 d4 00 7c 00 24 01 3c ff 94 01 40 01 70 00 8c 01 2c 02 e4 02 d4                 
CAppTransmitRaw.cpp: run(): Received <- 128 bytes from /dev/lport0.                                          
01 24 04 0c 01 c0 01 c8 01 98 00 78 02 90 01 50 02 3c 00 c0 01 58 00 44 00 6c 01 48 00 04 02 e0 ff           
74 02 5c 01 08 02 e4 55 ff 01 e4 01 d6 ff ab fe 84 02 8c ff 63 00 75 01 ba fe 78 00 0f 02 b5 fd              
5b 02 63 ff 63 fe 6d 04 53 fc bc 03 6f 00 c3 fd 6f 01 2d 01 24 fe 51 05 fe fb 00 02 5a ff 00 00              
cd fe b4 02 76 fe ac ff dd 01 46 fe dd 03 3c fb 34 02 c8 00 ed fd 8b 01 a9 fe fd 01 5d 00 f7                 
CAppTransmitRaw.cpp: run(): Received <- 128 bytes from /dev/lport0.                                          
00 67 ff 6b 00 1b ff 2b 03 67 fe fc 01 72 fe 34 ff f3 01 5b fe 08 03 f8 fe 2e 02 75 fe 5c 00 63 00           
3d ff c1 00 e4 ff da ff 30 00 e2 01 28 00 7f 00 58 00 5e 00 62 00 5e 00 35 00 0c ff 39 01 85 ff              
15 00 bd 00 a2 ff eb 00 f9 ff d8 ff 71 00 aa 01 e7 fe 72 02 e7 fe 9d 01 fd ff 13 00 63 ff 57 01              
ff fe 34 00 81 01 d4 fe 39 02 13 ff 87 00 5f 01 b7 ff 0d 00 25 01 0a fe d0 00 65 01 d9 ff 87                 
CAppTransmitRaw.cpp: run(): Received <- 128 bytes from /dev/lport0.                                          
ff 8e 00 54 ff d6 00 ec 00 07 ff 6b 01 7b fe fe 00 f7 ff 86 ff 80 01 fe fe 38 02 e3 fe f2 00 86 00           
9b ff 90 01 39 00 bb ff 35 01 1f ff 20 00 d4 00 7a ff d4 00 66 00 fb ff ab 01 a2 ff b3 00 44 00              
24 ff 8e 01 22 00 f9 00 7c ff 03 00 83 00 45 00 7a 00 a2 ff 49 00 1e 00 1e ff d9 02 a1 fd b6 02              
bd fe a6 01 94 ff ca 00 34 00 29 00 52 01 ab ff 87 00 07 ff 48 01 7f ff 67 01 6e 00 f6 ff 14                 
CAppTransmitRaw.cpp: run(): Received <- 128 bytes from /dev/lport0.                                          
00 ae 00 30 ff 0b 01 a1 fe 86 01 98 ff 80 00 fc ff 5b ff f5 01 c4 fe eb 00 45 01 df ff 72 00 be 00           
40 00 00 00 6b 00 af 00 90 00 02 ff 88 ff 0a 01 c3 ff ca 00 4e 00 14 ff f7 01 bf fe 7e 00 58 02              
7f fd b0 02 da ff 3e fe 5f 02 9e fe 9b 01 7d ff dd ff d8 00 ed ff 98 01 5a ff 00 00 d7 ff cc 00              
11 00 82 00 ce ff 36 ff 2c 02 84 fe 58 02 f5 ff 20 ff 27 01 ef fe 2b 01 a2 00 dc fd 0e 02 5f                 
CAppTransmitRaw.cpp: run(): Received <- 128 bytes from /dev/lport0.                                          
ff bd 00 fc 00 07 00 67 00 ae 01 55 ff eb 00 08 00 f7 fe 4c 02 68 ff 79 00 0c 00 3a fe 36 02 c6 fe           
96 01 dc ff cc 00 ba ff 0e 01 4d 00 d2 00 71 01 e5 fe 53 01 82 fe 10 00 9d 01 59 fe 5e 02 e3 fd              
d4 01 a1 fe d6 01 ed 00 34 01 0a ff 80 00 34 ff d9 00 8d 00 19 00 5d 00 7b 00 4b 00 88 ff 4e 01              
fa ff c4 00 49 00 50 01 2c fe 1e 01 68 ff a3 00 7e 00 89 00 b6 fe be 01 71 ff fe 00 bd 00 6c                 
CAppTransmitRaw.cpp: run(): Received <- 128 bytes from /dev/lport0.                                          
ff 75 01 97 ff 4f 00 6b 00 fe 00 86 ff 4b 01 07 fe dc 00 cc 00 87 ff ce 01 c3 ff b8 ff 3c 02 36 fe           
29 01 45 ff 6f 00 7b 01 3c 00 70 ff fa 00 46 fe c2 01 f0 ff 6d 00 e3 00 2c 00 2a 00 fb 01 2d ff              
72 00 3e 00 45 ff 54 01 f7 ff 7b 00 3a 01 33 fe 82 01 00 00 eb ff f4 01 87 00 0f ff ef 01 21 ff              
87 00 21 00 dc ff 66 00 34 00 4f 00 ad 00 da fe 20 03 0a fd e3 02 bb fe fe 00 50 00 56 00 90                 
CAppTransmitRaw.cpp: run(): Received <- 128 bytes from /dev/lport0.                                          
01 e7 ff 58 ff 20 00 61 00 df 01 b2 ff aa 01 0a ff 7f 00 8e 00 01 00 53 ff 60 01 73 fe 5f 01 99 00           
fa fe ef 01 84 ff a8 00 7e ff 8b 00 c8 ff e6 00 bf 00 43 ff fd 01 c6 fd 32 02 95 ff f1 01 a8 fd              
50 02 01 ff 3a 00 ac 01 ab ff 03 01 ba ff 19 ff 0f 01 7c ff de 01 e7 00 bd ff 07 01 53 00 07 ff              
9c 00 11 fe d6 02 fd fd ba 02 73 fe b1 00 a7 00 69 ff bd 00 d2 ff a3 00 69 01 d1 fe 80 02 6c                 
CAppTransmitRaw.cpp: run(): Received <- 128 bytes from /dev/lport0.                                          
fe 40 01 54 00 ec 00 d3 ff cf 01 08 fe 7e 01 38 00 32 00 85 00 d5 ff 44 00 b4 00 76 ff d6 00 7c ff           
ae 00 ec fe b3 01 ec fe 18 01 9d ff 0f 01 e5 ff 1b 01 ad ff e8 00 9e ff 2c ff 45 01 4a ff f7 01              
13 00 46 ff 98 ff 15 00 f5 ff f0 00 f7 ff 8e 00 ab ff da 00 4d 01 ef fe 00 02 1e ff d1 ff c2 02              
7f fd 28 03 67 fe 86 01 06 ff 50 01 ee fe ca 01 52 fe 37 02 9a ff ed ff 85 00 17 00 95 00 47                 
CAppTransmitRaw.cpp: run(): Received <- 128 bytes from /dev/lport0.                                          
00 b9 ff 3b 00 b4 ff 4f ff 1d 01 a7 ff 2f 02 e3 ff 5f 00 50 ff 34 00 71 ff d9 00 d8 00 12 ff f3 01           
48 ff e4 ff 2b 02 41 55 ff 03 ee 02 bc 02 ab 00 cc fe c0 04 70 02 5c fa c0 ff 48 04 f8 fc c8 fa              
74 01 74 03 08 06 30 ff 8c 00 28 04 70 f8 24 01 dc 00 18 04 7c fc 24 fc 28 01 90 00 3c 06 98 ff              
8c fd 80 04 b4 09 d4 f4 80 01 24 01 e4 fe b4 fa fc 01 5c 05 50 06 30 fb 14 03 20 04 28 f9 a8                 
CAppTransmitRaw.cpp: run(): Received <- 128 bytes from /dev/lport0.                                          
04 84 ff c4 04 00 ff f8 ff a4 00 38 ff 04 01 2c ff ec 00 08 00 98 01 5c 01 40 03 e8 01 dc 02 bc 03           
80 02 14 03 9c 02 64 02 b0 00 c8 03 08 02 6c 02 30 02 5c 01 d0 01 54 01 b0 02 80 01 80 00 84 01              
8c 00 ac 01 bc 01 e0 01 08 02 40 02 10 02 fc 02 6c 03 b4 01 18 03 c0 01 4c 01 30 03 74 02 0c 01              
b4 ff 14 02 cc 00 a8 01 0c 01 40 01 94 00 a0 ff 04 04 50 02 d8 02 8c 01 70 02 50 03 14 03 e8                 
CAppTransmitRaw.cpp: run(): Received <- 128 bytes from /dev/lport0.                                          
03 c8 00 d8 02 6c 00 9c 00 ec 01 7c 02 38 02 f8 ff e8 01 00 00 34 01 88 02 30 00 1c 01 6c 01 28 02           
f8 02 f4 02 1c 02 f4 01 20 02 6c 02 30 03 24 01 24 00 24 ff e4 00 a4 01 80 01 e0 02 58 fe 64 03              
58 01 04 00 04 02 04 01 38 00 2c 01 88 02 80 01 20 03 f0 02 7c 01 80 03 84 01 34 03 80 00 74 01              
38 01 a4 ff 20 02 cc 01 30 01 7c 00 64 01 60 01 7c 01 a8 02 44 01 54 01 b8 01 c0 03 54 02 24                 
CAppTransmitRaw.cpp: run(): Received <- 128 bytes from /dev/lport0.                                          
01 2c 03 e8 01 0c 02 90 01 e8 01 ec 00 c8 01 40 ff 7c 00 a8 02 98 02 fc 00 4c 02 14 01 f4 01 b4 01           
40 03 40 02 e8 01 f8 02 b0 02 7c 02 bc 02 cc 02 44 01 14 01 38 01 68 00 fc 00 5c 01 1c ff e4 00              
ac 02 ac ff 98 01 b8 01 a4 00 f4 01 48 01 90 03 cc 01 94 ff 88 03 1c 02 7c 01 ec 01 e4 02 44 01              
58 01 98 01 08 02 0c ff 38 03 58 00 40 00 98 01 fc 02 20 02 b4 01 c8 00 a4 02 3c 02 04 02 e4                 
CAppTransmitRaw.cpp: run(): Received <- 128 bytes from /dev/lport0.                                          
02 84 02 9c 00 f0 02 80 00 ac 01 c8 02 a8 01 80 01 9c 01 6c ff 04 01 00 00 b8 00 b0 00 b8 03 d8 02           
14 03 70 01 50 03 4c 02 34 03 30 03 bc 02 34 01 74 02 68 00 d0 00 a8 01 70 01 dc 01 08 00 b0 00              
40 00 18 00 b8 01 c4 01 d4 01 90 00 0c 03 54 02 18 03 4c 02 48 03 84 ff 08 04 80 00 5c 01 d0 01              
20 01 74 01 d0 01 14 01 ec 01 08 00 b4 02 a4 00 c0 02 f0 02 b8 ff 54 01 c0 00 08 03 e8 02 c8                 
CAppTransmitRaw.cpp: run(): Received <- 128 bytes from /dev/lport0.                                          
05 1c 02 f4 02 b4 00 08 ff 74 01 b8 02 fc 02 d8 01 b0 02 70 00 44 00 9c 01 d0 ff 14 00 1c 01 a0 01           
38 02 e0 02 d8 01 bc ff d8 01 3c 02 e4 03 f4 00 64 02 64 02 30 00 c0 01 0c 02 04 00 70 00 84 01 
b8 01 00 01 84 01 5c ff 8c 03 24 ff 68 04 14 01 68 02 b0 00 48 02 d0 03 50 01 38 03 cc 01 84 02 
b0 00 34 fe fc 02 ec 00 f8 01 b0 ff d0 01 38 02 54 02 78 01 54 01 9c ff 70 00 c0 01 70 02 b4 
CAppTransmitRaw.cpp: run(): Received <- 128 bytes from /dev/lport0.
01 20 03 a8 00 70 02 08 02 dc 03 e4 01 78 01 ac 01 ac fe cc 00 6c 01 6c 01 d4 02 dc 02 08 02 dc 03 
e0 ff a4 01 d4 02 00 ff 28 04 50 02 c4 01 c0 02 6c 01 34 03 78 01 b8 03 d4 00 0c 01 c0 00 28 ff 
68 02 3c 01 d8 01 e4 ff d4 01 f0 02 b4 02 3c 01 60 01 14 00 00 03 94 04 a8 01 f0 02 94 01 08 00 
6c 02 88 00 a8 03 b4 02 f0 01 8c 01 20 00 94 01 38 01 d0 00 28 02 08 03 7c 02 7c 03 1c 03 e4 
CAppTransmitRaw.cpp: run(): Received <- 128 bytes from /dev/lport0.
02 7c 01 60 01 08 03 54 01 38 03 c4 02 64 01 e4 00 bc 00 c8 03 e4 00 e8 03 64 ff 64 fe 70 01 0c 01 
18 03 b0 02 f0 02 ac 02 5c 02 14 01 c4 00 04 00 f8 00 c8 01 68 01 f4 01 d8 02 ec 00 58 00 88 01 
10 02 64 00 2c 01 28 00 c8 ff 80 02 c0 01 0c 01 f8 02 64 02 98 02 78 01 4c 04 94 01 8c 02 b8 01 
b8 01 40 02 8c 00 ec 03 40 02 7c ff 24 02 00 01 3c 01 c0 02 2c 01 c0 00 84 01 6c 02 a8 01 9c 
CAppTransmitRaw.cpp: run(): Received <- 128 bytes from /dev/lport0.
01 0c 03 88 03 84 03 a0 03 a8 00 38 01 54 01 a4 01 04 02 e0 02 48 02 0c 02 94 00 4c 01 18 00 6c 00 
b0 02 28 00 24 03 90 55 ff 01 7c 03 35 ff ab fd 55 03 51 fe fb 01 af 00 54 01 02 ff e4 ff 29 fe 
e1 01 ce ff 24 01 7c 00 4a ff f9 ff 8e 00 f8 fe 1f 02 e5 00 c1 ff 80 01 53 ff 1f 01 7a 00 e2 fc 
a4 03 29 fe 1d 01 f5 02 61 fd 68 02 39 fe bb ff 61 01 bc ff e5 00 03 00 16 ff d2 00 81 00 b5 
CAppTransmitRaw.cpp: run(): Received <- 128 bytes from /dev/lport0.
fe 8d 01 e0 ff 33 00 c0 03 7e fc 39 03 32 fd 30 02 9f fe e1 01 53 00 63 ff 66 01 bc fe 3c 01 28 00 
ba ff 63 01 8f ff 6a ff 85 00 cd ff 78 00 e4 00 2f 00 cb 00 8e 00 97 00 cf ff 58 01 c1 fe 6a 01 
b8 ff 62 00 0a 03 3d fd e9 00 03 ff 33 ff dd 01 a2 ff f7 01 f0 fe ec 00 50 00 79 ff 58 01 e0 ff 
f0 ff f6 ff 92 01 f2 fe cc 01 ec ff cb ff c0 01 80 ff d3 00 64 00 49 ff 51 00 50 00 89 00 ee 
CAppTransmitRaw.cpp: run(): Received <- 128 bytes from /dev/lport0.
01 d7 fe 6d 00 0e 01 35 fe f2 01 74 ff 19 00 df 01 aa fe 32 02 36 ff b5 00 3d 00 57 00 8e 00 68 ff 
61 00 6b 00 4d ff 79 01 58 00 d3 ff 5d 00 45 00 f6 00 b4 fe 29 02 1b fe 2f 01 9f ff 54 00 91 01 
7b ff 98 00 be ff 00 ff d5 01 8a ff 95 ff f3 02 26 fd e7 01 51 ff 47 00 65 01 c1 ff ad 00 96 00 
26 ff 63 ff 95 00 a8 ff d9 00 e3 00 ff fe 9b 01 21 fe 3b 02 b5 fe ed 00 72 00 f6 ff 93 00 fe
