Welcome to minicom 2.7.90                                                                                    

OPTIONS: I18n                                                                                                
Compiled on Jul 25 2020, 17:53:41.                                                                           
Port /dev/ttyMXUSB0, 11:04:33                                                                                

Press CTRL-A Z for help on special keys                                                                      

Loader: started from RAM successfully...                                                                     
Loader: preparing copying OS from flash to RAM...                                                            
Loader: firmware size: 657248 bytes                                                                          
Loader: copying is in progress...                                                                            
Loader: copying completed...                                                                                 
Loader: verifying CRC16 checksum...                                                                          
Clock_mask: 8000                                                                                             
MPO started                                                                                                  
Unpacking tar filesystem:               successful                                                           
Setup RAM Disk:                         successful                                                           
CShed: Select profile -> Initialize                                                                          
SysMachine: started                                                                                          
SysInit: Booting FPGA0                  successful (8999 ms)                                                 
CShed: Select profile -> Transmit_Decoded                                                                    
SysMachine: INIT -> TRDEC                                                                                    
CAppTransmitDec.cpp: run(): Internal error: Can't get command arguments.                                     
AppTransmitDec: APPLY FPGA receiver coeffs:                                                                  
reset_dsp=1                                                                                                  
adc_atten_1=0                                                                                                
adc_atten_2=0                                                                                                
freq_ddc_nco_1=4536547                                                                                       
freq_ddc_nco_2[:4]= 14902158 14865749 1911466 1875057                                                        
corr_lvl_coef=26214                                                                                          
peak_detect_sig_del=14592                                                                                    
peak_detect_corr_del=1695                                                                                    
ddc_filter_coefs[:436]= 1282 260598 261157 261437 261571 261627 261643                                       
corr_coefs_real[:256]= 189179 211473 235045 258233 16909 33357 43840 47429                                   
corr_coefs_imag[:256]= 153259 141262 133904 131130 132167 135388 138621 139954                               
recv_filter_coefs[:129]= 143 53 262089 261985 261909 261883 261923                                           
AppTransmitDec: APPLY FPGA lport params:                                                                     
lport0: en=1, src=0, mod_trig=0, chan=255                                                                    
lport1: en=1, src=0, mod_trig=1, chan=255                                                                    
1a 00 00 00 d5 75 ea 70 3f fe 83 38 67 3f af fe 5f cc 84 8c ff 1f da 5a e9 00 00 00 aa 55 96 f0 80           
1d f9 ff 1a 00 00 00 12 50 95 f6 5e 9d 1e c4 6a ea 5a f1 c2 a4 58 ef ff 8e 2d 00 aa 55 72 f0 80              
1d f9 ff 1a 00 00 00 ff 3f 57 ff ad 3a 27 e1 12 de 53 5e d5 8d 02 00 aa 55 60 f1 80 1d f9 ff 1a              
00 00 00 b7 d7 5a b8 35 a7 36 d0 d7 ba 77 ab aa ff ec 7f a9 bb df 4e 10 7e 6d b9 fe ef ff d7                 
================================================                                                             
1: DDC_INF_MSG_TOKEN=0x55aa                                                                                  
FPGAParser: 1: INFO packet HEADER, token=0x55aa, chan=3, len(bits,bytes) = (150,19), freq_hz=-451200, deltaF,
 ampl = 26, crc_err=1                                                                                        
FPGAParser: 1: HDR:                                                                                          
aa 55 96 f0 80 1d f9 ff 1a 00 00 00                                                                          
FPGAParser: 1: INF Payload+CRC16 HEX: actual-len=19:                                                         
12 50 95 f6 5e 9d 1e c4 6a ea 5a f1 c2 a4 58 ef ff 8e 2d                                                     
FPGAParser: 1: crc16 = 0x2d8e                                                                                
================================================                                                             
2: DDC_INF_MSG_TOKEN=0x55aa                                                                                  
FPGAParser: 2: INFO packet HEADER, token=0x55aa, chan=3, len(bits,bytes) = (114,15), freq_hz=-451200, deltaF,
 ampl = 26, crc_err=1                                                                                        
FPGAParser: 2: HDR:                                                                                          
aa 55 72 f0 80 1d f9 ff 1a 00 00 00                                                                          
FPGAParser: 2: INF Payload+CRC16 HEX: actual-len=15:                                                         
ff 3f 57 ff ad 3a 27 e1 12 de 53 5e d5 8d 02                                                                 
FPGAParser: 2: crc16 = 0x28d                                                                                 
================================================                                                             
3: DDC_INF_MSG_TOKEN=0x55aa                                                                                  
FPGAParser: 3: INFO packet HEADER, token=0x55aa, chan=3, len(bits,bytes) = (352,44), freq_hz=-451200, deltaF,
 ampl = 26, crc_err=1                                                                                        
FPGAParser: 3: HDR:                                                                                          
aa 55 60 f1 80 1d f9 ff 1a 00 00 00                                                                          
d8 d9 c6 73 58 50 d6 bd 64 5b b6 fc ff 6d e3 cc 5e 0a 3b 66 99 19 00 00 aa 55 6e f0 80 1d f9 ff 1a           
00 00 00 d7 f9 97 6a 3a 7e cb 5d 65 14 f7 d2 bf 36 00 00 aa 55 63 b0 6d 1f 0b 00 04 00 00 00 82              
e5 3c 1b 93 9b e7 d9 cc 2e 36 8a 03 00 00 00 aa 55 f2 f0 80 1d f9 ff 1a 00 00 00 0b fc ff ab cf              
f3 e4 aa 87 13 78 ff db ff ff 6e e6 42 74 d7 6b e9 ad bf 75 fc ff bf 0a 8f 02 00 aa 55 c0 b0                 
FPGAParser: 3: INF Payload+CRC16 HEX: actual-len=44:                                                         
b7 d7 5a b8 35 a7 36 d0 d7 ba 77 ab aa ff ec 7f a9 bb df 4e 10 7e 6d b9 fe ef ff d7 d8 d9 c6 73 58           
50 d6 bd 64 5b b6 fc ff 6d e3 cc                                                                             
FPGAParser: 3: crc16 = 0xcce3                                                                                
================================================                                                             
4: DDC_INF_MSG_TOKEN=0x55aa                                                                                  
FPGAParser: 4: INFO packet HEADER, token=0x55aa, chan=3, len(bits,bytes) = (110,14), freq_hz=-451200, deltaF,
 ampl = 26, crc_err=1                                                                                        
FPGAParser: 4: HDR:                                                                                          
aa 55 6e f0 80 1d f9 ff 1a 00 00 00                                                                          
FPGAParser: 4: INF Payload+CRC16 HEX: actual-len=14:                                                         
d7 f9 97 6a 3a 7e cb 5d 65 14 f7 d2 bf 36                                                                    
FPGAParser: 4: crc16 = 0x36bf                                                                                
================================================                                                             
5: DDC_INF_MSG_TOKEN=0x55aa                                                                                  
FPGAParser: 5: INFO packet HEADER, token=0x55aa, chan=1, len(bits,bytes) = (99,13), freq_hz=728941, deltaFrq,
 ampl = 4, crc_err=1                                                                                         
FPGAParser: 5: HDR:                                                                                          
aa 55 63 b0 6d 1f 0b 00 04 00 00 00                                                                          
FPGAParser: 5: INF Payload+CRC16 HEX: actual-len=13:                                                         
82 e5 3c 1b 93 9b e7 d9 cc 2e 36 8a 03                                                                       
FPGAParser: 5: crc16 = 0x38a                                                                                 
================================================                                                             
6: DDC_INF_MSG_TOKEN=0x55aa                                                                                  
FPGAParser: 6: INFO packet HEADER, token=0x55aa, chan=3, len(bits,bytes) = (242,31), freq_hz=-451200, deltaF,
 ampl = 26, crc_err=1                                                                                        
FPGAParser: 6: HDR:                                                                                          
aa 55 f2 f0 80 1d f9 ff 1a 00 00 00                                                                          
FPGAParser: 6: INF Payload+CRC16 HEX: actual-len=31:                                                         
0b fc ff ab cf f3 e4 aa 87 13 78 ff db ff ff 6e e6 42 74 d7 6b e9 ad bf 75 fc ff bf 0a 8f 02                 
FPGAParser: 6: crc16 = 0x28f                                                                                 
================================================                                                             
7: DDC_INF_MSG_TOKEN=0x55aa                                                                                  
aa 55 63 f0 80 1d f9 ff 1a 00 00 00 84 6e 95 07 ff 0b 51 52 67 d9 6a a3 07 00 00 00 aa 55 a1 f0 80           
1d f9 ff 1a 00 00 00 f8 5f e4 3e fd d7 f2 f6 e7 7f fd ff 72 60 23 6c e7 af d7 f7 01 00 00 00 aa              
55 56 b1 6d 1f 0b 00 04 00 00 00 1b 9a 95 3d 68 5a 98 98 75 21 fa c7 df 3c 13 e4 93 2c 2f 7a d8              
be f3 db a6 11 d7 53 93 63 6e 79 47 10 6a 8f 20 66 8f c8 da bc 3d 00 aa 55 a8 f0 80 1d f9 ff                 
FPGAParser: 7: INFO packet HEADER, token=0x55aa, chan=1, len(bits,bytes) = (192,24), freq_hz=-261925462, del,
 ampl = -451200, crc_err=1                                                                                   
FPGAParser: 7: HDR:                                                                                          
aa 55 c0 b0 aa 55 63 f0 80 1d f9 ff                                                                          
FPGAParser: 7: INF Payload+CRC16 HEX: actual-len=24:                                                         
1a 00 00 00 84 6e 95 07 ff 0b 51 52 67 d9 6a a3 07 00 00 00 aa 55 a1 f0                                      
FPGAParser: 7: crc16 = 0xf0a1                                                                                
================================================                                                             
8: DDC_INF_MSG_TOKEN=0x55aa                                                                                  
FPGAParser: 8: INFO packet HEADER, token=0x55aa, chan=1, len(bits,bytes) = (342,43), freq_hz=728941, deltaFr,
 ampl = 4, crc_err=1                                                                                         
FPGAParser: 8: HDR:                                                                                          
aa 55 56 b1 6d 1f 0b 00 04 00 00 00                                                                          
FPGAParser: 8: INF Payload+CRC16 HEX: actual-len=43:                                                         
1b 9a 95 3d 68 5a 98 98 75 21 fa c7 df 3c 13 e4 93 2c 2f 7a d8 be f3 db a6 11 d7 53 93 63 6e 79 47           
10 6a 8f 20 66 8f c8 da bc 3d                                                                                
FPGAParser: 8: crc16 = 0x3dbc                                                                                
================================================                                                             
9: DDC_INF_MSG_TOKEN=0x55aa                                                                                  
1f b5 46 bd b2 ea ff 1e a9 6b e4 f9 ef ff bb 03 aa 55 ce b3 6d 1f 0b 00 04 00 00 00 3c 4c ce bc 71           
1e 2e df d9 d4 b2 9a 2f a8 77 86 5a 88 ff 61 ec 88 6a eb 83 e0 ef 26 db 1b be c5 c6 24 ed 5c 44              
e1 39 d3 9d 6d a6 b0 dd f4 67 48 89 35 33 f5 ac d0 9b ed 85 e5 4a 67 b6 19 f6 df 9d 5d 56 6d 8c              
d9 62 93 e7 cc c2 ce 16 25 6b 66 26 2f 7d 2a ff 85 90 02 96 eb 38 e6 9a 8c 0d 59 e6 86 c4 83                 
FPGAParser: 9: INFO packet HEADER, token=0x55aa, chan=3, len(bits,bytes) = (168,21), freq_hz=-451200, deltaF,
 ampl = -1119439585, crc_err=1                                                                               
FPGAParser: 9: HDR:                                                                                          
aa 55 a8 f0 80 1d f9 ff 1f b5 46 bd                                                                          
FPGAParser: 9: INF Payload+CRC16 HEX: actual-len=21:                                                         
b2 ea ff 1e a9 6b e4 f9 ef ff bb 03 aa 55 ce b3 6d 1f 0b 00 04                                               
FPGAParser: 9: crc16 = 0x400                                                                                 
6d 1f 0b 00 04 00 00 00 9c b2 c9 de 5c 31 21 47 79 45 b6 fe f9 97 71 de a3 fc db 56 0d d9 4a 3c aa           
55 f3 f0 80 1d f9 ff 1a 00 00 00 f5 87 37 08 17 fa ff af ff 7f 96 7a 75 6a dd ff 1f bb 6c 54 ff              
ca b8 84 1a bb ca 1d 5b 6a 06 00 aa 55 1a f1 80 1d f9 ff 1a 00 00 00 ae d4 82 1a cf 51 eb ba 5c              
bf d0 ff ff 0f 6e 63 ad ae fc ef fd ab ff b5 b5 4b eb ff c7 b3 28 d8 f4 be 24 00 aa 55 59 b2                 
================================================                                                             
10: DDC_INF_MSG_TOKEN=0x55aa                                                                                 
FPGAParser: 10: INFO packet HEADER, token=0x55aa, chan=3, len(bits,bytes) = (243,31), freq_hz=-451200, delta,
 ampl = 26, crc_err=1                                                                                        
FPGAParser: 10: HDR:                                                                                         
aa 55 f3 f0 80 1d f9 ff 1a 00 00 00                                                                          
FPGAParser: 10: INF Payload+CRC16 HEX: actual-len=31:                                                        
f5 87 37 08 17 fa ff af ff 7f 96 7a 75 6a dd ff 1f bb 6c 54 ff ca b8 84 1a bb ca 1d 5b 6a 06                 
FPGAParser: 10: crc16 = 0x66a                                                                                
================================================                                                             
11: DDC_INF_MSG_TOKEN=0x55aa                                                                                 
FPGAParser: 11: INFO packet HEADER, token=0x55aa, chan=3, len(bits,bytes) = (282,36), freq_hz=-451200, delta,
 ampl = 26, crc_err=1                                                                                        
FPGAParser: 11: HDR:                                                                                         
aa 55 1a f1 80 1d f9 ff 1a 00 00 00                                                                          
FPGAParser: 11: INF Payload+CRC16 HEX: actual-len=36:                                                        
ae d4 82 1a cf 51 eb ba 5c bf d0 ff ff 0f 6e 63 ad ae fc ef fd ab ff b5 b5 4b eb ff c7 b3 28 d8 f4           
be 24 00                                                                                                     
FPGAParser: 11: crc16 = 0x24                                                                                 
================================================                                                             
12: DDC_INF_MSG_TOKEN=0x55aa                                                                                 
8d 4c 7e 9d ec d1 05 63 c6 37 f4 59 ee 8f 22 3e f1 6c 53 74 1e 00 00 00 aa 55 6c b0 6d 1f 0b 00 04           
00 00 00 67 72 c2 8e 9c 1b 9f dd 7b b3 b5 e0 18 07 00 00 aa 55 6a f0 80 1d f9 ff 1a 00 00 00 d5              
f5 cc 29 dd d1 be 6b b9 f5 fb f4 af 00 00 00 aa 55 60 f0 80 1d f9 ff 1a 00 00 00 6d 17 11 ab 7e              
55 f4 ff bf d6 ff fb aa 55 cc f0 80 1d f9 ff 1a 00 00 00 f1 7f 5b bd c2 bd f4 c6 be a6 3b ad                 
FPGAParser: 12: INFO packet HEADER, token=0x55aa, chan=1, len(bits,bytes) = (601,76), freq_hz=-1652667251, d,
 ampl = 1661325804, crc_err=1                                                                                
FPGAParser: 12: HDR:                                                                                         
aa 55 59 b2 8d 4c 7e 9d ec d1 05 63                                                                          
FPGAParser: 12: INF Payload+CRC16 HEX: actual-len=76:                                                        
c6 37 f4 59 ee 8f 22 3e f1 6c 53 74 1e 00 00 00 aa 55 6c b0 6d 1f 0b 00 04 00 00 00 67 72 c2 8e 9c           
1b 9f dd 7b b3 b5 e0 18 07 00 00 aa 55 6a f0 80 1d f9 ff 1a 00 00 00 d5 f5 cc 29 dd d1 be 6b b9              
f5 fb f4 af 00 00 00 aa 55 60 f0                                                                             
FPGAParser: 12: crc16 = 0xf060                                                                               
================================================                                                             
13: DDC_INF_MSG_TOKEN=0x55aa                                                                                 
FPGAParser: 13: INFO packet HEADER, token=0x55aa, chan=3, len(bits,bytes) = (204,26), freq_hz=-451200, delta,
 ampl = 26, crc_err=1                                                                                        
FPGAParser: 13: HDR:                                                                                         
aa 55 cc f0 80 1d f9 ff 1a 00 00 00                                                                          
3b 59 e6 c7 06 a2 29 38 41 98 67 1e dd 03 24 19 4f 93 0a 3d c1 d8 e6 96 bd 4c 59 c6 b6 9a 65 a8 c7           
74 96 7b c2 98 a5 0d 37 da 6a 0e 1b c7 30 b7 66 de d6 26 70 7a 96 18 00 00 00 00 aa 55 0c f1 80              
1d f9 ff 1a 00 00 00 f5 ff 87 ff ab 95 76 ce ff bc fe 3f 72 d1 ff bd b5 d7 ff 9f fa 4f a7 1a e7              
fd 5f c7 ff 5b ff 05 5a 0e 00 00 aa 55 86 f0 80 1d f9 ff 1a 00 00 00 b9 4a 58 d5 ff 17 fa ff                 
FPGAParser: 13: INF Payload+CRC16 HEX: actual-len=26:                                                        
f1 7f 5b bd c2 bd f4 c6 be a6 3b ad 3b 59 e6 c7 06 a2 29 38 41 98 67 1e dd 03                                
FPGAParser: 13: crc16 = 0x3dd                                                                                
================================================                                                             
14: DDC_INF_MSG_TOKEN=0x55aa                                                                                 
FPGAParser: 14: INFO packet HEADER, token=0x55aa, chan=3, len(bits,bytes) = (268,34), freq_hz=-451200, delta,
 ampl = 26, crc_err=1                                                                                        
FPGAParser: 14: HDR:                                                                                         
aa 55 0c f1 80 1d f9 ff 1a 00 00 00                                                                          
FPGAParser: 14: INF Payload+CRC16 HEX: actual-len=34:                                                        
f5 ff 87 ff ab 95 76 ce ff bc fe 3f 72 d1 ff bd b5 d7 ff 9f fa 4f a7 1a e7 fd 5f c7 ff 5b ff 05 5a           
0e                                                                                                           
FPGAParser: 14: crc16 = 0xe5a                                                                                
================================================                                                             
15: DDC_INF_MSG_TOKEN=0x55aa                                                                                 
FPGAParser: 15: INFO packet HEADER, token=0x55aa, chan=3, len(bits,bytes) = (134,17), freq_hz=-451200, delta,
 ampl = 26, crc_err=1                                                                                        
FPGAParser: 15: HDR:                                                                                         
aa 55 86 f0 80 1d f9 ff 1a 00 00 00                                                                          
12 01 4b 0c 09 6c 70 93 ce 24 39 a1 04 99 9d 81 a1 4d 00 00 aa 55 a6 f0 80 1d f9 ff 1a 00 00 00 ff           
7a 9e 77 57 ee a1 c5 b2 8a 5f 89 29 e3 ff ff df ff b7 ea 24 00 00 00 aa 55 f8 f1 80 1d f9 ff 1a              
00 00 00 6d dd 4f 1c 9f 08 bc ab ea ff 1a c0 aa fd 55 49 51 af 86 68 9f c0 5d df 73 aa fb 7f 9d              
eb 3f ff 55 d5 96 47 d3 ff 3a 2b 6f 6f ab 4e 45 fd 88 a6 11 a6 7b e7 bd f6 57 4a ed 3f aa ca                 
FPGAParser: 15: INF Payload+CRC16 HEX: actual-len=17:                                                        
b9 4a 58 d5 ff 17 fa ff 12 01 4b 0c 09 6c 70 93 ce                                                           
FPGAParser: 15: crc16 = 0xce93                                                                               
================================================                                                             
16: DDC_INF_MSG_TOKEN=0x55aa                                                                                 
FPGAParser: 16: INFO packet HEADER, token=0x55aa, chan=3, len(bits,bytes) = (166,21), freq_hz=-451200, delta,
 ampl = 26, crc_err=1                                                                                        
FPGAParser: 16: HDR:                                                                                         
aa 55 a6 f0 80 1d f9 ff 1a 00 00 00                                                                          
FPGAParser: 16: INF Payload+CRC16 HEX: actual-len=21:                                                        
ff 7a 9e 77 57 ee a1 c5 b2 8a 5f 89 29 e3 ff ff df ff b7 ea 24                                               
FPGAParser: 16: crc16 = 0x24ea                                                                               
================================================                                                             
17: DDC_INF_MSG_TOKEN=0x55aa                                                                                 
FPGAParser: 17: INFO packet HEADER, token=0x55aa, chan=3, len(bits,bytes) = (504,63), freq_hz=-451200, delta,
 ampl = 26, crc_err=1                                                                                        
FPGAParser: 17: HDR:                                                                                         
aa 55 f8 f1 80 1d f9 ff 1a 00 00 00                                                                          
94 16 50 38 24 ac 41 12 e0 65 11 8e 09 8b 91 41 63 42 90 1c 62 86 15 9e 12 06 23 21 51 29 30 29 90           
2f 29 80 02 00 00 00 aa 55 6d f0 80 1d f9 ff 1a 00 00 00 2f fd 3a da 5f ff f8 dd f3 ca ff ff ff              
0f 00 00 aa 55 98 b3 6d 1f 0b 00 04 00 00 00 07 a2 eb dc cc 02 b4 5a 1b 92 99 55 ee 99 93 a8 9d              
1d a2 d1 c6 13 ab 59 ae 1e 29 95 9d b9 3d 06 e5 29 a7 62 17 82 cc 5b 5b 13 48 c0 6c a6 de a2                 
FPGAParser: 17: INF Payload+CRC16 HEX: actual-len=63:                                                        
6d dd 4f 1c 9f 08 bc ab ea ff 1a c0 aa fd 55 49 51 af 86 68 9f c0 5d df 73 aa fb 7f 9d eb 3f ff 55           
d5 96 47 d3 ff 3a 2b 6f 6f ab 4e 45 fd 88 a6 11 a6 7b e7 bd f6 57 4a ed 3f aa ca 94 16 50                    
FPGAParser: 17: crc16 = 0x5016                                                                               
================================================                                                             
18: DDC_INF_MSG_TOKEN=0x55aa                                                                                 
FPGAParser: 18: INFO packet HEADER, token=0x55aa, chan=3, len(bits,bytes) = (109,14), freq_hz=-451200, delta,
 ampl = 26, crc_err=1                                                                                        
FPGAParser: 18: HDR:                                                                                         
aa 55 6d f0 80 1d f9 ff 1a 00 00 00                                                                          
FPGAParser: 18: INF Payload+CRC16 HEX: actual-len=14:                                                        
2f fd 3a da 5f ff f8 dd f3 ca ff ff ff 0f                                                                    
FPGAParser: 18: crc16 = 0xfff                                                                                
================================================                                                             
19: DDC_INF_MSG_TOKEN=0x55aa                                                                                 
FPGAParser: 19: INFO packet HEADER, token=0x55aa, chan=1, len(bits,bytes) = (920,115), freq_hz=728941, delta,
 ampl = 4, crc_err=1                                                                                         
FPGAParser: 19: HDR:                                                                                         
aa 55 98 b3 6d 1f 0b 00 04 00 00 00                                                                          
11 ad aa 71 5c 31 6a 8e 91 73 db fe 89 78 43 e4 78 00 00 00 aa 55 03 f1 80 1d f9 ff 1a 00 00 00 ff           
47 cf c2 ff 02 f8 7f 48 b9 ff ff a3 f1 af 2d fe f7 de eb ed 3f aa b9 fe f4 fb ae ff 95 89 d2 05              
00 00 00 aa 55 bf b0 6d 1f 0b 00 04 00 00 00 aa d8 39 e3 b9 ec 64 63 72 a6 69 87 30 d0 d2 31 67              
bb ee 86 c1 72 3b 73 aa 55 59 f0 80 1d f9 ff 1a 00 00 00 ef bf a7 ae db bf d2 80 9b a7 b7 00                 
FPGAParser: 19: INF Payload+CRC16 HEX: actual-len=115:                                                       
07 a2 eb dc cc 02 b4 5a 1b 92 99 55 ee 99 93 a8 9d 1d a2 d1 c6 13 ab 59 ae 1e 29 95 9d b9 3d 06 e5           
29 a7 62 17 82 cc 5b 5b 13 48 c0 6c a6 de a2 11 ad aa 71 5c 31 6a 8e 91 73 db fe 89 78 43 e4 78              
00 00 00 aa 55 03 f1 80 1d f9 ff 1a 00 00 00 ff 47 cf c2 ff 02 f8 7f 48 b9 ff ff a3 f1 af 2d fe              
f7 de eb ed 3f aa b9 fe f4 fb ae ff 95 89 d2 05 00 00                                                        
FPGAParser: 19: crc16 = 0x0                                                                                  
================================================                                                             
20: DDC_INF_MSG_TOKEN=0x55aa                                                                                 
FPGAParser: 20: INFO packet HEADER, token=0x55aa, chan=1, len(bits,bytes) = (191,24), freq_hz=728941, deltaF,
 ampl = 4, crc_err=1                                                                                         
FPGAParser: 20: HDR:                                                                                         
aa 55 bf b0 6d 1f 0b 00 04 00 00 00                                                                          
FPGAParser: 20: INF Payload+CRC16 HEX: actual-len=24:                                                        
aa d8 39 e3 b9 ec 64 63 72 a6 69 87 30 d0 d2 31 67 bb ee 86 c1 72 3b 73                                      
FPGAParser: 20: crc16 = 0x733b                                                                               
================================================                                                             
21: DDC_INF_MSG_TOKEN=0x55aa                                                                                 
FPGAParser: 21: INFO packet HEADER, token=0x55aa, chan=3, len(bits,bytes) = (89,12), freq_hz=-451200, deltaF,
 ampl = 26, crc_err=1                                                                                        
FPGAParser: 21: HDR:                                                                                         
aa 55 59 f0 80 1d f9 ff 1a 00 00 00                                                                          
79 72 97 ff df 58 6a 2d 2d 3d f1 34 fb 73 4c 3c c7 86 4a 45 c8 a3 99 fd dc 4c c4 0f aa 55 ac f0 80           
1d f9 ff 1a 00 00 00 fe b7 df ab 5f bf fa ed c7 f3 ff ff fb e1 b1 96 ff 2f e3 ef ba 0b 00 00 aa              
55 d6 f0 80 1d f9 ff 1a 00 00 00 f7 02 bc 5b e0 ff 9e fe 7f d1 4f d5 fb df 7a 4f 69 f7 1a e8 92              
d7 60 e2 ff 7d 07 00 aa 55 35 b2 6d 1f 0b 00 04 00 00 00 7e 24 33 8b 23 70 b8 31 8c db 59 d0                 
FPGAParser: 21: INF Payload+CRC16 HEX: actual-len=12:                                                        
ef bf a7 ae db bf d2 80 9b a7 b7 00                                                                          
FPGAParser: 21: crc16 = 0xb7                                                                                 
================================================                                                             
22: DDC_INF_MSG_TOKEN=0x55aa                                                                                 
FPGAParser: 22: INFO packet HEADER, token=0x55aa, chan=3, len(bits,bytes) = (172,22), freq_hz=-451200, delta,
 ampl = 26, crc_err=1                                                                                        
FPGAParser: 22: HDR:                                                                                         
aa 55 ac f0 80 1d f9 ff 1a 00 00 00                                                                          
FPGAParser: 22: INF Payload+CRC16 HEX: actual-len=22:                                                        
fe b7 df ab 5f bf fa ed c7 f3 ff ff fb e1 b1 96 ff 2f e3 ef ba 0b                                            
FPGAParser: 22: crc16 = 0xbba                                                                                
================================================                                                             
23: DDC_INF_MSG_TOKEN=0x55aa                                                                                 
FPGAParser: 23: INFO packet HEADER, token=0x55aa, chan=3, len(bits,bytes) = (214,27), freq_hz=-451200, delta,
 ampl = 26, crc_err=1                                                                                        
FPGAParser: 23: HDR:                                                                                         
aa 55 d6 f0 80 1d f9 ff 1a 00 00 00                                                                          
FPGAParser: 23: INF Payload+CRC16 HEX: actual-len=27:                                                        
f7 02 bc 5b e0 ff 9e fe 7f d1 4f d5 fb df 7a 4f 69 f7 1a e8 92 d7 60 e2 ff 7d 07                             
FPGAParser: 23: crc16 = 0x77d                                                                                
================================================                                                             
24: DDC_INF_MSG_TOKEN=0x55aa                                                                                 
FPGAParser: 24: INFO packet HEADER, token=0x55aa, chan=1, len(bits,bytes) = (565,71), freq_hz=728941, deltaF,
 ampl = 4, crc_err=1                                                                                         
FPGAParser: 24: HDR:                                                                                         
aa 55 35 b2 6d 1f 0b 00 04 00 00 00                                                                          
fe 9a 99 9d 09 c6 b2 c8 df e6 bb 63 8a f6 00 00 aa 55 7b b1 6d 1f 0b 00 04 00 00 00 fc 9b 9b 5b 9e           
25 83 18 ed aa d9 0e 84 c9 8a a5 5b ea c4 13 33 6b e9 d9 de c0 cc 3e cc 13 e6 bb 70 54 da 8d 0a              
32 c7 e6 a6 e9 cd 1c cd 22 2e 07 aa 55 11 f1 80 1d f9 ff 1a 00 00 00 b1 ff 2b ac 59 8b 5d f7 99              
d0 d5 f1 ca ff bd de 36 36 a4 73 f7 f6 3c ff 9b ff bf c7 f9 df 60 b3 ff 47 00 00 aa 55 16 f1                 
FPGAParser: 24: INF Payload+CRC16 HEX: actual-len=71:                                                        
7e 24 33 8b 23 70 b8 31 8c db 59 d0 fe 9a 99 9d 09 c6 b2 c8 df e6 bb 63 8a f6 00 00 aa 55 7b b1 6d           
1f 0b 00 04 00 00 00 fc 9b 9b 5b 9e 25 83 18 ed aa d9 0e 84 c9 8a a5 5b ea c4 13 33 6b e9 d9 de              
c0 cc 3e cc 13 e6                                                                                            
FPGAParser: 24: crc16 = 0xe613                                                                               
================================================                                                             
25: DDC_INF_MSG_TOKEN=0x55aa                                                                                 
FPGAParser: 25: INFO packet HEADER, token=0x55aa, chan=3, len(bits,bytes) = (273,35), freq_hz=-451200, delta,
 ampl = 26, crc_err=1                                                                                        
FPGAParser: 25: HDR:                                                                                         
aa 55 11 f1 80 1d f9 ff 1a 00 00 00                                                                          
FPGAParser: 25: INF Payload+CRC16 HEX: actual-len=35:                                                        
b1 ff 2b ac 59 8b 5d f7 99 d0 d5 f1 ca ff bd de 36 36 a4 73 f7 f6 3c ff 9b ff bf c7 f9 df 60 b3 ff           
47 00                                                                                                        
FPGAParser: 25: crc16 = 0x47                                                                                 
================================================                                                             
26: DDC_INF_MSG_TOKEN=0x55aa                                                                                 
80 1d f9 ff 1a 00 00 00 ed d7 92 fa e4 7f b6 15 a6 f5 db 7b 8f a2 87 56 b6 fe 61 e6 58 8f 7e 75 02           
00 00 00 aa 55 b6 f0 80 1d f9 ff 1a 00 00 00 a3 76 95 35 fd ff e4 fa 57 98 77 d7 6f b5 f2 ae 6c              
fd 9f 78 b7 d5 37 00 aa 55 69 b2 6d 1f 0b 00 04 00 00 00 e3 98 c6 e4 66 c9 e3 66 bb cf 06 9d 19              
83 e7 41 1d 6e f7 34 e2 36 22 06 65 5d 09 90 db 3b 51 7e 8e 4f 37 92 47 69 dc 88 0c a8 ea 92                 
FPGAParser: 26: INFO packet HEADER, token=0x55aa, chan=3, len(bits,bytes) = (278,35), freq_hz=-451200, delta,
 ampl = 26, crc_err=1                                                                                        
FPGAParser: 26: HDR:                                                                                         
aa 55 16 f1 80 1d f9 ff 1a 00 00 00                                                                          
FPGAParser: 26: INF Payload+CRC16 HEX: actual-len=35:                                                        
ed d7 92 fa e4 7f b6 15 a6 f5 db 7b 8f a2 87 56 b6 fe 61 e6 58 8f 7e 75 02 00 00 00 aa 55 b6 f0 80           
1d f9                                                                                                        
FPGAParser: 26: crc16 = 0xf91d                                                                               
================================================                                                             
27: DDC_INF_MSG_TOKEN=0x55aa                                                                                 
FPGAParser: 27: INFO packet HEADER, token=0x55aa, chan=1, len(bits,bytes) = (617,78), freq_hz=728941, deltaF,
 ampl = 4, crc_err=1                                                                                         
FPGAParser: 27: HDR:                                                                                         
aa 55 69 b2 6d 1f 0b 00 04 00 00 00                                                                          
7d fe bb a8 6e 85 5f b8 1e d5 ee f5 07 00 00 00 aa 55 c1 b1 6d 1f 0b 00 04 00 00 00 e6 d6 d5 74 f6           
ae c8 51 52 fe 99 76 aa 99 e9 9c 67 0c 9d cc 88 60 04 6f 1b 96 e2 29 18 9e 2d df b8 fa a9 4c 9f              
63 5b ef 3c 43 53 c6 02 f5 6d c7 c9 2b 46 98 8d fe d9 dc 00 00 00 00 aa 55 5a f0 80 1d f9 ff 1a              
00 00 00 15 7a 3b 7e 2f 83 ba fa df 3d 54 03 aa 55 92 f0 80 1d f9 ff 1a 00 00 00 e1 a2 d4 ff                 
FPGAParser: 27: INF Payload+CRC16 HEX: actual-len=78:                                                        
e3 98 c6 e4 66 c9 e3 66 bb cf 06 9d 19 83 e7 41 1d 6e f7 34 e2 36 22 06 65 5d 09 90 db 3b 51 7e 8e           
4f 37 92 47 69 dc 88 0c a8 ea 92 7d fe bb a8 6e 85 5f b8 1e d5 ee f5 07 00 00 00 aa 55 c1 b1 6d              
1f 0b 00 04 00 00 00 e6 d6 d5 74 f6 ae                                                                       
FPGAParser: 27: crc16 = 0xaef6                                                                               
================================================                                                             
28: DDC_INF_MSG_TOKEN=0x55aa                                                                                 
FPGAParser: 28: INFO packet HEADER, token=0x55aa, chan=3, len(bits,bytes) = (90,12), freq_hz=-451200, deltaF,
 ampl = 26, crc_err=1                                                                                        
FPGAParser: 28: HDR:                                                                                         
aa 55 5a f0 80 1d f9 ff 1a 00 00 00                                                                          
FPGAParser: 28: INF Payload+CRC16 HEX: actual-len=12:                                                        
15 7a 3b 7e 2f 83 ba fa df 3d 54 03                                                                          
FPGAParser: 28: crc16 = 0x354                                                                                
================================================                                                             
29: DDC_INF_MSG_TOKEN=0x55aa                                                                                 
FPGAParser: 29: INFO packet HEADER, token=0x55aa, chan=3, len(bits,bytes) = (146,19), freq_hz=-451200, delta,
 ampl = 26, crc_err=1                                                                                        
FPGAParser: 29: HDR:                                                                                         
aa 55 92 f0 80 1d f9 ff 1a 00 00 00                                                                          
aa 55 67 f0 80 1d f9 ff 1a 00 00 00 8e bf 52 72 b6 1e 70 ff 4f fb ff 8b 2d 00 00 00 aa 55 fa b0 6d           
1f 0b 00 04 00 00 00 f1 46 a1 6d 1b 80 b9 a6 c9 cd b2 e6 cd 7c e5 b9 b6 bc ed 08 9a 0a e6 3d 8f              
43 a6 e5 b1 bb 99 01 aa 55 af f0 80 1d f9 ff 1a 00 00 00 fa e7 bc df 7f 71 f5 3f fe fb ff e9 4a              
d5 d6 ad a8 b7 e5 56 ef 2b 00 00 aa 55 82 f0 80 1d f9 ff 1a 00 00 00 d5 5a a5 df ff bf b6 fb                 
FPGAParser: 29: INF Payload+CRC16 HEX: actual-len=19:                                                        
e1 a2 d4 ff aa 55 67 f0 80 1d f9 ff 1a 00 00 00 8e bf 52                                                     
FPGAParser: 29: crc16 = 0x52bf                                                                               
================================================                                                             
30: DDC_INF_MSG_TOKEN=0x55aa                                                                                 
FPGAParser: 30: INFO packet HEADER, token=0x55aa, chan=1, len(bits,bytes) = (250,32), freq_hz=728941, deltaF,
 ampl = 4, crc_err=1                                                                                         
FPGAParser: 30: HDR:                                                                                         
aa 55 fa b0 6d 1f 0b 00 04 00 00 00                                                                          
FPGAParser: 30: INF Payload+CRC16 HEX: actual-len=32:                                                        
f1 46 a1 6d 1b 80 b9 a6 c9 cd b2 e6 cd 7c e5 b9 b6 bc ed 08 9a 0a e6 3d 8f 43 a6 e5 b1 bb 99 01              
FPGAParser: 30: crc16 = 0x199                                                                                
================================================                                                             
31: DDC_INF_MSG_TOKEN=0x55aa                                                                                 
FPGAParser: 31: INFO packet HEADER, token=0x55aa, chan=3, len(bits,bytes) = (175,22), freq_hz=-451200, delta,
 ampl = 26, crc_err=1                                                                                        
FPGAParser: 31: HDR:                                                                                         
aa 55 af f0 80 1d f9 ff 1a 00 00 00                                                                          
FPGAParser: 31: INF Payload+CRC16 HEX: actual-len=22:                                                        
fa e7 bc df 7f 71 f5 3f fe fb ff e9 4a d5 d6 ad a8 b7 e5 56 ef 2b                                            
FPGAParser: 31: crc16 = 0x2bef                                                                               
================================================                                                             
32: DDC_INF_MSG_TOKEN=0x55aa                                                                                 
FPGAParser: 32: INFO packet HEADER, token=0x55aa, chan=3, len(bits,bytes) = (130,17), freq_hz=-451200, delta,
 ampl = 26, crc_err=1                                                                                        
FPGAParser: 32: HDR:                                                                                         
aa 55 82 f0 80 1d f9 ff 1a 00 00 00                                                                          
41 d7 32 e7 cf 84 c9 98 47 f5 f1 e4 c9 08 d1 a4 9f 33 67 3d 8a c4 ca 51 11 f1 9c f3 0c 00 00 00 aa           
55 8c f0 80 1d f9 ff 1a 00 00 00 97 b7 56 0f d5 ac ff fa df df ed be a5 b4 ea bf fe 0f 00 00 aa              
55 73 f0 80 1d f9 ff 1a 00 00 00 d0 23 ee 95 67 fe 9f aa 72 02 b4 86 f2 1f 05 00 aa 55 60 f0 80              
1d f9 ff 1a 00 00 00 f3 7f 97 fe fb 75 5a 13 59 39 b0 b5 aa 55 0b f1 80 1d f9 ff 1a 00 00 00                 
FPGAParser: 32: INF Payload+CRC16 HEX: actual-len=17:                                                        
d5 5a a5 df ff bf b6 fb 41 d7 32 e7 cf 84 c9 98 47                                                           
FPGAParser: 32: crc16 = 0x4798                                                                               
================================================                                                             
33: DDC_INF_MSG_TOKEN=0x55aa                                                                                 
FPGAParser: 33: INFO packet HEADER, token=0x55aa, chan=3, len(bits,bytes) = (140,18), freq_hz=-451200, delta,
 ampl = 26, crc_err=1                                                                                        
FPGAParser: 33: HDR:                                                                                         
aa 55 8c f0 80 1d f9 ff 1a 00 00 00                                                                          
FPGAParser: 33: INF Payload+CRC16 HEX: actual-len=18:                                                        
97 b7 56 0f d5 ac ff fa df df ed be a5 b4 ea bf fe 0f                                                        
FPGAParser: 33: crc16 = 0xffe                                                                                
================================================                                                             
34: DDC_INF_MSG_TOKEN=0x55aa                                                                                 
FPGAParser: 34: INFO packet HEADER, token=0x55aa, chan=3, len(bits,bytes) = (115,15), freq_hz=-451200, delta,
 ampl = 26, crc_err=1                                                                                        
FPGAParser: 34: HDR:                                                                                         
aa 55 73 f0 80 1d f9 ff 1a 00 00 00                                                                          
FPGAParser: 34: INF Payload+CRC16 HEX: actual-len=15:                                                        
d0 23 ee 95 67 fe 9f aa 72 02 b4 86 f2 1f 05                                                                 
FPGAParser: 34: crc16 = 0x51f                                                                                
================================================                                                             
35: DDC_INF_MSG_TOKEN=0x55aa                                                                                 
FPGAParser: 35: INFO packet HEADER, token=0x55aa, chan=3, len(bits,bytes) = (96,12), freq_hz=-451200, deltaF,
 ampl = 26, crc_err=1                                                                                        
FPGAParser: 35: HDR:                                                                                         
aa 55 60 f0 80 1d f9 ff 1a 00 00 00                                                                          
FPGAParser: 35: INF Payload+CRC16 HEX: actual-len=12:                                                        
f3 7f 97 fe fb 75 5a 13 59 39 b0 b5                                                                          
FPGAParser: 35: crc16 = 0xb5b0                                                                               
================================================                                                             
36: DDC_INF_MSG_TOKEN=0x55aa                                                                                 
10 bd b7 6e 9b 4b 9a 49 31 62 db 9a d7 cd 05 93 a3 66 66 e8 d3 99 a2 dc 49 cb 26 a6 51 4d 11 f1 37           
e6 39 8a 1b b7 a1 a8 79 66 09 ee 3f 45 0b f4 bf db 36 6e db f2 cf 1b 82 ca 4c 24 97 56 3d 66 ed              
ad 3d eb de e6 34 ce 47 6a c8 5d 4d 65 3b c5 b6 a7 64 f2 b6 cd d9 66 7e 89 c6 a2 6f df 9c 67 1b              
d9 9c 27 e7 b3 1d 6b f6 cc f5 d7 c9 58 f6 9b 91 66 69 03 aa 55 cf f0 80 1d f9 ff 1a 00 00 00                 
FPGAParser: 36: INFO packet HEADER, token=0x55aa, chan=3, len(bits,bytes) = (267,34), freq_hz=-451200, delta,
 ampl = 26, crc_err=1                                                                                        
FPGAParser: 36: HDR:                                                                                         
aa 55 0b f1 80 1d f9 ff 1a 00 00 00                                                                          
FPGAParser: 36: INF Payload+CRC16 HEX: actual-len=34:                                                        
10 bd b7 6e 9b 4b 9a 49 31 62 db 9a d7 cd 05 93 a3 66 66 e8 d3 99 a2 dc 49 cb 26 a6 51 4d 11 f1 37           
e6                                                                                                           
FPGAParser: 36: crc16 = 0xe637                                                                               
================================================                                                             
37: DDC_INF_MSG_TOKEN=0x55aa                                                                                 
68 44 04 c6 4c 83 2a e3 c4 40 e9 5f 23 85 45 6c 67 c3 36 4a f9 f7 89 9f 71 ce ca a6 a4 5d e9 78 a6           
fd b8 6c 4e 5a f6 82 cd 6b c8 1c a4 f2 8c f0 df a4 1b 6f fa da 1e cd a3 72 41 d5 36 00 00 00 aa              
55 0d f1 80 1d f9 ff 1a 00 00 00 e8 ef cd ff af ae ff a2 de bd a3 bd fe 79 e5 55 95 55 ff 7f 2d              
d4 9c ff af af 15 fd 7f 09 a0 ab 01 17 00 00 aa 55 58 f1 80 1d f9 ff 1a 00 00 00 e4 7f ff 09                 
FPGAParser: 37: INFO packet HEADER, token=0x55aa, chan=3, len(bits,bytes) = (207,26), freq_hz=-451200, delta,
 ampl = 26, crc_err=1                                                                                        
FPGAParser: 37: HDR:                                                                                         
aa 55 cf f0 80 1d f9 ff 1a 00 00 00                                                                          
FPGAParser: 37: INF Payload+CRC16 HEX: actual-len=26:                                                        
68 44 04 c6 4c 83 2a e3 c4 40 e9 5f 23 85 45 6c 67 c3 36 4a f9 f7 89 9f 71 ce                                
FPGAParser: 37: crc16 = 0xce71                                                                               
================================================                                                             
38: DDC_INF_MSG_TOKEN=0x55aa                                                                                 
FPGAParser: 38: INFO packet HEADER, token=0x55aa, chan=3, len(bits,bytes) = (269,34), freq_hz=-451200, delta,
 ampl = 26, crc_err=1                                                                                        
FPGAParser: 38: HDR:                                                                                         
aa 55 0d f1 80 1d f9 ff 1a 00 00 00                                                                          
FPGAParser: 38: INF Payload+CRC16 HEX: actual-len=34:                                                        
e8 ef cd ff af ae ff a2 de bd a3 bd fe 79 e5 55 95 55 ff 7f 2d d4 9c ff af af 15 fd 7f 09 a0 ab 01           
17                                                                                                           
FPGAParser: 38: crc16 = 0x1701                                                                               
================================================                                                             
39: DDC_INF_MSG_TOKEN=0x55aa                                                                                 
FPGAParser: 39: INFO packet HEADER, token=0x55aa, chan=3, len(bits,bytes) = (344,43), freq_hz=-451200, delta,
 ampl = 26, crc_err=1                                                                                        
FPGAParser: 39: HDR:                                                                                         
aa 55 58 f1 80 1d f9 ff 1a 00 00 00                                                                          
6d 1f 0b 00 04 00 00 00 33 f9 4e cb d6 c5 a5 9f 49 db 72 93 a4 33 a1 cd ad 83 35 d7 5f 7e 73 c5 93           
65 71 c6 df 56 c2 e9 6c 9e 1c 7a cb 4d 86 17 e4 32 f3 9a 3c ad 2f e7 3f 37 9f 56 32 ce 2c 10 5b              
c6 f6 a2 d5 9c 0e fe a7 84 82 27 2c 57 01 e5 32 16 67 00 aa 55 96 f0 80 1d f9 ff 1a 00 00 00 2b              
f0 ec e0 1f c2 96 c3 ab 67 3c d1 8a 17 15 53 1f ee 0d 00 aa 55 a6 b0 6d 1f 0b 00 04 00 00 00                 
FPGAParser: 39: INF Payload+CRC16 HEX: actual-len=43:                                                        
e4 7f ff 09 6d 1f 0b 00 04 00 00 00 33 f9 4e cb d6 c5 a5 9f 49 db 72 93 a4 33 a1 cd ad 83 35 d7 5f           
7e 73 c5 93 65 71 c6 df 56 c2                                                                                
FPGAParser: 39: crc16 = 0xc256                                                                               
================================================                                                             
40: DDC_INF_MSG_TOKEN=0x55aa                                                                                 
FPGAParser: 40: INFO packet HEADER, token=0x55aa, chan=3, len(bits,bytes) = (150,19), freq_hz=-451200, delta,
 ampl = 26, crc_err=1                                                                                        
FPGAParser: 40: HDR:                                                                                         
aa 55 96 f0 80 1d f9 ff 1a 00 00 00                                                                          
FPGAParser: 40: INF Payload+CRC16 HEX: actual-len=19:                                                        
2b f0 ec e0 1f c2 96 c3 ab 67 3c d1 8a 17 15 53 1f ee 0d                                                     
FPGAParser: 40: crc16 = 0xdee                                                                                
================================================                                                             
41: DDC_INF_MSG_TOKEN=0x55aa                                                                                 
0f 7a 75 ff ff 79 ad ee ff ff ff 3f ef 0f 00 00 aa 55 c4 f0 80 1d f9 ff 1a 00 00 00 d7 a9 df 7f 1c           
bf 81 a9 5d e5 5f bd 78 6a bc bb ee 20 ff 01 7c ff fb 55 00 00 00 00 aa 55 a2 b3 6d 1f 0b 00 04              
00 00 00 48 73 9c 3d 2c 23 62 16 72 09 d7 42 e5 4c 1a 93 9d 9c c7 4b b3 31 89 01 13 a0 56 89 1a              
86 23 67 d6 7f fa 4c cb 4d d5 50 93 a7 93 47 ce 83 b3 bf be 36 a6 9c 39 dd ec c6 3a 17 87 d1                 
FPGAParser: 41: INFO packet HEADER, token=0x55aa, chan=1, len(bits,bytes) = (166,21), freq_hz=728941, deltaF,
 ampl = 4, crc_err=1                                                                                         
FPGAParser: 41: HDR:                                                                                         
aa 55 a6 b0 6d 1f 0b 00 04 00 00 00                                                                          
FPGAParser: 41: INF Payload+CRC16 HEX: actual-len=21:                                                        
0f 7a 75 ff ff 79 ad ee ff ff ff 3f ef 0f 00 00 aa 55 c4 f0 80                                               
FPGAParser: 41: crc16 = 0x80f0                                                                               
================================================                                                             
42: DDC_INF_MSG_TOKEN=0x55aa                                                                                 
FPGAParser: 42: INFO packet HEADER, token=0x55aa, chan=1, len(bits,bytes) = (930,117), freq_hz=728941, delta,
 ampl = 4, crc_err=1                                                                                         
FPGAParser: 42: HDR:                                                                                         
aa 55 a2 b3 6d 1f 0b 00 04 00 00 00                                                                          
7d 14 ff e7 45 51 b5 a8 2e 00 00 00 aa 55 bc b1 6d 1f 0b 00 04 00 00 00 96 ed 4b b6 11 d9 fc 4f 7b           
a8 15 e7 8c 22 16 60 c1 23 96 a2 6b 7a 32 0f db 8b cc b0 37 4f 5e 96 0c 6d 66 e9 0f 5f 4e 8e 31              
5d da 18 47 3c 4f ec d1 55 2c 0f df e2 38 0d aa 55 af d1 92 e0 fc ff 03 00 00 00 2d a1 45 83 82              
c1 03 0b 86 0d b6 08 09 53 c8 e1 10 06 21 79 c9 40 02 dc 13 01 67 b0 48 4a 4c 92 58 18 17 cb                 
FPGAParser: 42: INF Payload+CRC16 HEX: actual-len=117:                                                       
48 73 9c 3d 2c 23 62 16 72 09 d7 42 e5 4c 1a 93 9d 9c c7 4b b3 31 89 01 13 a0 56 89 1a 86 23 67 d6           
7f fa 4c cb 4d d5 50 93 a7 93 47 ce 83 b3 bf be 36 a6 9c 39 dd ec c6 3a 17 87 d1 7d 14 ff e7 45              
51 b5 a8 2e 00 00 00 aa 55 bc b1 6d 1f 0b 00 04 00 00 00 96 ed 4b b6 11 d9 fc 4f 7b a8 15 e7 8c              
22 16 60 c1 23 96 a2 6b 7a 32 0f db 8b cc b0 37 4f 5e 96 0c                                                  
FPGAParser: 42: crc16 = 0xc96                                                                                
================================================                                                             
43: DDC_INF_MSG_TOKEN=0x55aa                                                                                 
FPGAParser: 43: INFO packet HEADER, token=0x55aa, chan=2, len(bits,bytes) = (431,54), freq_hz=-204654, delta,
 ampl = 3, crc_err=1                                                                                         
FPGAParser: 43: HDR:                                                                                         
aa 55 af d1 92 e0 fc ff 03 00 00 00                                                                          
d5 95 d5 00 aa 55 a2 94 6d 1f f3 ff 06 00 00 00 38 e9 06 08 0e 50 68 60 93 48 08 b1 84 60 58 19 46           
60 d8 6c 84 b3 51 4b 19 8d b0 90 0b 01 06 36 48 80 48 c0 32 4c 64 1d 99 40 c8 60 c4 1a 41 61 08              
0c 23 22 1c 85 18 69 0c 01 c7 24 65 40 34 52 2c 23 8f 81 81 88 61 9c 06 42 1e a4 36 42 28 69 45              
66 18 30 65 0c 12 82 61 c4 ce 30 30 98 06 f3 0a 32 3d ef 1a c9 24 21 10 38 b0 84 19 79 a2 01                 
FPGAParser: 43: INF Payload+CRC16 HEX: actual-len=54:                                                        
2d a1 45 83 82 c1 03 0b 86 0d b6 08 09 53 c8 e1 10 06 21 79 c9 40 02 dc 13 01 67 b0 48 4a 4c 92 58           
18 17 cb d5 95 d5 00 aa 55 a2 94 6d 1f f3 ff 06 00 00 00 38 e9                                               
FPGAParser: 43: crc16 = 0xe938                                                                               
4d db b3 f1 a5 b2 87 62 95 66 7d b3 8d f8 5b cb 19 fd a5 e8 97 cd d4 7a f9 16 36 a5 48 95 6e e4 65           
8f a3 5d b8 09 26 c6 28 63 cb b2 f1 e7 6e 35 df b9 a9 64 b5 ed 79 83 ce 44 c5 a8 56 b3 66 01 4a              
f6 77 00 aa 55 73 f0 80 1d f9 ff 1a 00 00 00 ef c7 bb fa 74 fe bb 3a a5 b1 bd ca 6b 2f 00 00 aa              
55 27 b1 6d 1f 0b 00 04 00 00 00 62 02 4c 95 4d 77 98 6f 29 76 3c 79 cc 03 84 13 76 6b 93 7a                 
================================================                                                             
44: DDC_INF_MSG_TOKEN=0x55aa                                                                                 
FPGAParser: 44: INFO packet HEADER, token=0x55aa, chan=3, len(bits,bytes) = (115,15), freq_hz=-451200, delta,
 ampl = 26, crc_err=1                                                                                        
FPGAParser: 44: HDR:                                                                                         
aa 55 73 f0 80 1d f9 ff 1a 00 00 00                                                                          
FPGAParser: 44: INF Payload+CRC16 HEX: actual-len=15:                                                        
ef c7 bb fa 74 fe bb 3a a5 b1 bd ca 6b 2f 00                                                                 
FPGAParser: 44: crc16 = 0x2f                                                                                 
================================================                                                             
45: DDC_INF_MSG_TOKEN=0x55aa                                                                                 
FPGAParser: 45: INFO packet HEADER, token=0x55aa, chan=1, len(bits,bytes) = (295,37), freq_hz=728941, deltaF,
 ampl = 4, crc_err=1                                                                                         
FPGAParser: 45: HDR:                                                                                         
aa 55 27 b1 6d 1f 0b 00 04 00 00 00                                                                          
aa 55 77 f0 80 1d f9 ff 1a 00 00 00 6f e3 ac fe 9f 2b af 96 9a c7 c3 bf e5 ff 01 00 aa 55 bb b1 6d           
1f 0b 00 04 00 00 00 3c e3 e6 ed 4e f0 31 46 11 da 76 5b bc c7 6b 43 67 a8 65 e7 31 b7 2c 3a 23              
13 3c 2b 9e db b4 87 f6 47 8b a2 66 36 b6 53 6e 6e b9 59 5b 3f 36 1b 6d ce 42 93 11 59 9a 07 aa              
55 7d b1 6d 1f 0b 00 04 00 00 00 ed 99 a9 3f 9b a9 e6 67 cb f9 ac d8 c2 5a b1 c9 89 73 7b a3                 
FPGAParser: 45: INF Payload+CRC16 HEX: actual-len=37:                                                        
62 02 4c 95 4d 77 98 6f 29 76 3c 79 cc 03 84 13 76 6b 93 7a aa 55 77 f0 80 1d f9 ff 1a 00 00 00 6f           
e3 ac fe 9f                                                                                                  
FPGAParser: 45: crc16 = 0x9ffe                                                                               
================================================                                                             
46: DDC_INF_MSG_TOKEN=0x55aa                                                                                 
FPGAParser: 46: INFO packet HEADER, token=0x55aa, chan=1, len(bits,bytes) = (443,56), freq_hz=728941, deltaF,
 ampl = 4, crc_err=1                                                                                         
FPGAParser: 46: HDR:                                                                                         
aa 55 bb b1 6d 1f 0b 00 04 00 00 00                                                                          
FPGAParser: 46: INF Payload+CRC16 HEX: actual-len=56:                                                        
3c e3 e6 ed 4e f0 31 46 11 da 76 5b bc c7 6b 43 67 a8 65 e7 31 b7 2c 3a 23 13 3c 2b 9e db b4 87 f6           
47 8b a2 66 36 b6 53 6e 6e b9 59 5b 3f 36 1b 6d ce 42 93 11 59 9a 07                                         
FPGAParser: 46: crc16 = 0x79a                                                                                
================================================                                                             
47: DDC_INF_MSG_TOKEN=0x55aa                                                                                 
FPGAParser: 47: INFO packet HEADER, token=0x55aa, chan=1, len(bits,bytes) = (381,48), freq_hz=728941, deltaF,
 ampl = 4, crc_err=1                                                                                         
FPGAParser: 47: HDR:                                                                                         
aa 55 7d b1 6d 1f 0b 00 04 00 00 00                                                                          
66 52 d2 e8 76 99 43 e6 d9 71 7f 0a 52 96 67 1e 23 77 76 fe f6 4d d8 f6 6c 58 f0 8b bc a2 5d 41 32           
e7 fc 65 89 19 bb 64 3c db da 10 99 47 1e b3 36 e3 cc 09 b3 39 33 de c6 1a 18 00 aa 55 5e f0 80              
1d f9 ff 1a 00 00 00 dc bd 56 ec 56 3d 8a 33 78 ff dd 3f aa 55 87 f0 80 1d f9 ff 1a 00 00 00 a8              
da ec ff 9f 28 ed 50 ef ff fd fc 73 97 f0 f2 5f 00 00 00 aa 55 70 b0 6d 1f 0b 00 04 00 00 00                 
FPGAParser: 47: INF Payload+CRC16 HEX: actual-len=48:                                                        
ed 99 a9 3f 9b a9 e6 67 cb f9 ac d8 c2 5a b1 c9 89 73 7b a3 66 52 d2 e8 76 99 43 e6 d9 71 7f 0a 52           
96 67 1e 23 77 76 fe f6 4d d8 f6 6c 58 f0 8b                                                                 
FPGAParser: 47: crc16 = 0x8bf0                                                                               
================================================                                                             
48: DDC_INF_MSG_TOKEN=0x55aa                                                                                 
FPGAParser: 48: INFO packet HEADER, token=0x55aa, chan=3, len(bits,bytes) = (94,12), freq_hz=-451200, deltaF,
 ampl = 26, crc_err=1                                                                                        
FPGAParser: 48: HDR:                                                                                         
aa 55 5e f0 80 1d f9 ff 1a 00 00 00                                                                          
FPGAParser: 48: INF Payload+CRC16 HEX: actual-len=12:                                                        
dc bd 56 ec 56 3d 8a 33 78 ff dd 3f                                                                          
FPGAParser: 48: crc16 = 0x3fdd                                                                               
================================================                                                             
49: DDC_INF_MSG_TOKEN=0x55aa                                                                                 
FPGAParser: 49: INFO packet HEADER, token=0x55aa, chan=3, len(bits,bytes) = (135,17), freq_hz=-451200, delta,
 ampl = 26, crc_err=1                                                                                        
FPGAParser: 49: HDR:                                                                                         
aa 55 87 f0 80 1d f9 ff 1a 00 00 00                                                                          
FPGAParser: 49: INF Payload+CRC16 HEX: actual-len=17:                                                        
a8 da ec ff 9f 28 ed 50 ef ff fd fc 73 97 f0 f2 5f                                                           
FPGAParser: 49: crc16 = 0x5ff2                                                                               
================================================                                                             
50: DDC_INF_MSG_TOKEN=0x55aa                                                                                 
80 1d f9 ff 1a 00 00 00 ff 1e b0 47 14 ed 3f 8f 5a 67 db ff 96 e5 48 87 ce 51 f9 29 6f d5 1e d5 47           
72 bf 86 d6 ff 3f df ea 75 2f 00 aa 55 15 b2 6d 1f 0b 00 04 00 00 00 5b c4 8d 8a 29 c5 99 65 4c              
2c 29 36 b1 ff b3 15 18 cf 7f 91 94 c5 85 67 23 6e b3 dc e3 65 58 8e 8d 36 92 60 db cd 33 8f e3              
6d 51 31 f4 a9 f3 ef dd 49 e5 d2 7c 72 55 ec d8 93 67 5b 8c 65 35 71 0c 2e 14 00 aa 55 c2 f0                 
FPGAParser: 50: INFO packet HEADER, token=0x55aa, chan=1, len(bits,bytes) = (112,14), freq_hz=728941, deltaF,
 ampl = 4, crc_err=1                                                                                         
FPGAParser: 50: HDR:                                                                                         
aa 55 70 b0 6d 1f 0b 00 04 00 00 00                                                                          
FPGAParser: 50: INF Payload+CRC16 HEX: actual-len=14:                                                        
80 1d f9 ff 1a 00 00 00 ff 1e b0 47 14 ed                                                                    
FPGAParser: 50: crc16 = 0xed14                                                                               
================================================                                                             
51: DDC_INF_MSG_TOKEN=0x55aa                                                                                 
FPGAParser: 51: INFO packet HEADER, token=0x55aa, chan=1, len(bits,bytes) = (533,67), freq_hz=728941, deltaF,
 ampl = 4, crc_err=1                                                                                         
FPGAParser: 51: HDR:                                                                                         
aa 55 15 b2 6d 1f 0b 00 04 00 00 00                                                                          
FPGAParser: 51: INF Payload+CRC16 HEX: actual-len=67:                                                        
5b c4 8d 8a 29 c5 99 65 4c 2c 29 36 b1 ff b3 15 18 cf 7f 91 94 c5 85 67 23 6e b3 dc e3 65 58 8e 8d           
36 92 60 db cd 33 8f e3 6d 51 31 f4 a9 f3 ef dd 49 e5 d2 7c 72 55 ec d8 93 67 5b 8c 65 35 71 0c              
2e 14                                                                                                        
FPGAParser: 51: crc16 = 0x142e                                                                               
================================================                                                             
52: DDC_INF_MSG_TOKEN=0x55aa                                                                                 
4f 2b c6 65 bb ad f5 6c 10 ca 81 15 79 d1 27 4f d7 9b e6 30 cf 47 df 5b 3b b7 d4 72 be 6c 37 6f 06           
01 00 00 aa 55 f4 f1 80 1d f9 ff 1a 00 00 00 ef 5a ff dd a5 a7 37 dd 7f b7 ba ae aa b5 de 7f 78              
fb ff d1 f3 3d 4e b6 fe ff e7 1e bc 95 ae 1d bd df fd ff 3a ef 3c 63 f1 3e fa e6 da ff b7 7e ff              
84 97 fa ff e5 7c 7a 54 55 ff c1 0a ef 09 00 aa 55 83 f0 80 1d f9 ff 1a 00 00 00 af 5e c5 78                 
FPGAParser: 52: INFO packet HEADER, token=0x55aa, chan=3, len(bits,bytes) = (194,25), freq_hz=1707486031, de,
 ampl = 1828040123, crc_err=1                                                                                
FPGAParser: 52: HDR:                                                                                         
aa 55 c2 f0 4f 2b c6 65 bb ad f5 6c                                                                          
FPGAParser: 52: INF Payload+CRC16 HEX: actual-len=25:                                                        
10 ca 81 15 79 d1 27 4f d7 9b e6 30 cf 47 df 5b 3b b7 d4 72 be 6c 37 6f 06                                   
FPGAParser: 52: crc16 = 0x66f                                                                                
================================================                                                             
53: DDC_INF_MSG_TOKEN=0x55aa                                                                                 
FPGAParser: 53: INFO packet HEADER, token=0x55aa, chan=3, len(bits,bytes) = (500,63), freq_hz=-451200, delta,
 ampl = 26, crc_err=1                                                                                        
FPGAParser: 53: HDR:                                                                                         
aa 55 f4 f1 80 1d f9 ff 1a 00 00 00                                                                          
FPGAParser: 53: INF Payload+CRC16 HEX: actual-len=63:                                                        
ef 5a ff dd a5 a7 37 dd 7f b7 ba ae aa b5 de 7f 78 fb ff d1 f3 3d 4e b6 fe ff e7 1e bc 95 ae 1d bd           
df fd ff 3a ef 3c 63 f1 3e fa e6 da ff b7 7e ff 84 97 fa ff e5 7c 7a 54 55 ff c1 0a ef 09                    
FPGAParser: 53: crc16 = 0x9ef                                                                                
================================================                                                             
54: DDC_INF_MSG_TOKEN=0x55aa                                                                                 
FPGAParser: 54: INFO packet HEADER, token=0x55aa, chan=3, len(bits,bytes) = (131,17), freq_hz=-451200, delta,
 ampl = 26, crc_err=1                                                                                        
FPGAParser: 54: HDR:                                                                                         
aa 55 83 f0 80 1d f9 ff 1a 00 00 00                                                                          
fb b8 f8 ff 6f 79 5d 4f ff ea d0 15 19 f6 02 00 aa 55 ff b1 6d 1f 0b 00 04 00 00 00 de 34 1b d1 b7           
dc 9c 6f 9e 2a 79 db 91 cc 19 f3 62 96 a6 6d ce 9d 06 97 79 f6 0f 37 ad 39 2d 92 dd 3c e7 d9 38              
77 7c 4e 4e da 92 32 22 cf f3 d6 66 1b bf 40 e7 b6 08 1e 7b 97 4f d5 a4 4d e7 1c aa 55 b8 f0 80              
1d f9 ff 1a 00 00 00 05 fe 5f 7a 49 ff fb a7 4e 32 43 fb 6f 77 f3 7f 0b c0 51 6d 1a 7d ff 00                 
FPGAParser: 54: INF Payload+CRC16 HEX: actual-len=17:                                                        
af 5e c5 78 fb b8 f8 ff 6f 79 5d 4f ff ea d0 15 19                                                           
FPGAParser: 54: crc16 = 0x1915                                                                               
================================================                                                             
55: DDC_INF_MSG_TOKEN=0x55aa                                                                                 
FPGAParser: 55: INFO packet HEADER, token=0x55aa, chan=1, len(bits,bytes) = (511,64), freq_hz=728941, deltaF,
 ampl = 4, crc_err=1                                                                                         
FPGAParser: 55: HDR:                                                                                         
aa 55 ff b1 6d 1f 0b 00 04 00 00 00                                                                          
FPGAParser: 55: INF Payload+CRC16 HEX: actual-len=64:                                                        
de 34 1b d1 b7 dc 9c 6f 9e 2a 79 db 91 cc 19 f3 62 96 a6 6d ce 9d 06 97 79 f6 0f 37 ad 39 2d 92 dd           
3c e7 d9 38 77 7c 4e 4e da 92 32 22 cf f3 d6 66 1b bf 40 e7 b6 08 1e 7b 97 4f d5 a4 4d e7 1c                 
FPGAParser: 55: crc16 = 0x1ce7                                                                               
================================================                                                             
56: DDC_INF_MSG_TOKEN=0x55aa                                                                                 
FPGAParser: 56: INFO packet HEADER, token=0x55aa, chan=3, len(bits,bytes) = (184,23), freq_hz=-451200, delta,
 ampl = 26, crc_err=1                                                                                        
FPGAParser: 56: HDR:                                                                                         
aa 55 b8 f0 80 1d f9 ff 1a 00 00 00                                                                          
FPGAParser: 56: INF Payload+CRC16 HEX: actual-len=23:                                                        
05 fe 5f 7a 49 ff fb a7 4e 32 43 fb 6f 77 f3 7f 0b c0 51 6d 1a 7d ff                                         
FPGAParser: 56: crc16 = 0xff7d                                                                               
8d 92 5e fe 27 ff 5f 23 02 00 00 00 aa 55 eb f0 80 1d f9 ff 1a 00 00 00 ec e2 ff 2a 16 ef d4 fb ff           
fe e7 a4 ab ff f6 f7 15 85 7f e9 83 fe b9 43 fc 76 b7 e3 92 02 00 00 aa 55 c5 b2 6d 1f 0b 00 04              
00 00 00 91 fb 10 99 59 ca 2c 86 b0 12 63 b9 68 9e 79 f1 ce 93 9f a3 6d 5b 82 46 3c 63 5a 92 31              
27 87 07 cf bd f1 c6 8a b7 db d9 de c6 65 db 88 de 4e 51 e8 48 57 f4 fc cc 17 37 dc ec 46 83                 
================================================                                                             
57: DDC_INF_MSG_TOKEN=0x55aa                                                                                 
FPGAParser: 57: INFO packet HEADER, token=0x55aa, chan=3, len(bits,bytes) = (235,30), freq_hz=-451200, delta,
 ampl = 26, crc_err=1                                                                                        
FPGAParser: 57: HDR:                                                                                         
aa 55 eb f0 80 1d f9 ff 1a 00 00 00                                                                          
FPGAParser: 57: INF Payload+CRC16 HEX: actual-len=30:                                                        
ec e2 ff 2a 16 ef d4 fb ff fe e7 a4 ab ff f6 f7 15 85 7f e9 83 fe b9 43 fc 76 b7 e3 92 02                    
FPGAParser: 57: crc16 = 0x292                                                                                
================================================                                                             
58: DDC_INF_MSG_TOKEN=0x55aa                                                                                 
FPGAParser: 58: INFO packet HEADER, token=0x55aa, chan=1, len(bits,bytes) = (709,89), freq_hz=728941, deltaF,
 ampl = 4, crc_err=1                                                                                         
FPGAParser: 58: HDR:                                                                                         
aa 55 c5 b2 6d 1f 0b 00 04 00 00 00                                                                          
ff 6f 5b ab ff f7 7a fc 11 ba 6a fe fd 5f a5 e7 ae bc bf 78 15 34 ad 7f ff b3 d0 df ff fb 2a 87 57           
01 00 00 aa 55 1b b6 6d 1f 0b 00 04 00 00 00 72 bc 6b 98 d1 60 ab 52 52 a1 cd 6c 32 e6 18 4d 18              
7f cf 73 5c cd 43 da 85 26 6d 39 97 93 bf 4c 06 ab 32 7e 90 86 6e 6d d2 86 7e a1 bf e5 79 89 c7              
24 4d 3d 89 15 27 51 66 96 c7 6d c9 72 32 07 12 5a 16 0a 59 38 f0 88 9d cb cb df f1 d2 b0 67                 
FPGAParser: 58: INF Payload+CRC16 HEX: actual-len=89:                                                        
91 fb 10 99 59 ca 2c 86 b0 12 63 b9 68 9e 79 f1 ce 93 9f a3 6d 5b 82 46 3c 63 5a 92 31 27 87 07 cf           
bd f1 c6 8a b7 db d9 de c6 65 db 88 de 4e 51 e8 48 57 f4 fc cc 17 37 dc ec 46 83 ff 6f 5b ab ff              
f7 7a fc 11 ba 6a fe fd 5f a5 e7 ae bc bf 78 15 34 ad 7f ff b3 d0 df ff                                      
FPGAParser: 58: crc16 = 0xffdf                                                                               
================================================                                                             
59: DDC_INF_MSG_TOKEN=0x55aa                                                                                 
len(bytes) = 196: AIS data is too big!                                                                       
b4 5e d7 42 e8 96 05 cf 98 ff c7 f2 f7 ff 7f 2d 71 7f 86 ff ff 37 f8 ff b2 7d 00 00 aa 55 a2 f0 80           
1d f9 ff 1a 00 00 00 8a 2c 48 fd e3 fc 5f bb a2 d5 6b cf 3d c3 db ff 5f ff ae 2a 03 00 00 00 aa              
55 ce f0 80 1d f9 ff 1a 00 00 00 df 0b dd 56 ff 55 f9 bf 87 ff 73 eb 9f 6a 93 d5 55 ff a1 cc 6d              
d1 71 ef bc 3a 00 00 aa 55 47 b2 6d 1f 0b 00 04 00 00 00 df 9a d1 b7 63 37 e5 0b 9d 72 87 61                 
================================================                                                             
59: DDC_INF_MSG_TOKEN=0x55aa                                                                                 
FPGAParser: 59: INFO packet HEADER, token=0x55aa, chan=3, len(bits,bytes) = (162,21), freq_hz=-451200, delta,
 ampl = 26, crc_err=1                                                                                        
FPGAParser: 59: HDR:                                                                                         
aa 55 a2 f0 80 1d f9 ff 1a 00 00 00                                                                          
FPGAParser: 59: INF Payload+CRC16 HEX: actual-len=21:                                                        
8a 2c 48 fd e3 fc 5f bb a2 d5 6b cf 3d c3 db ff 5f ff ae 2a 03                                               
FPGAParser: 59: crc16 = 0x32a                                                                                
================================================                                                             
60: DDC_INF_MSG_TOKEN=0x55aa                                                                                 
FPGAParser: 60: INFO packet HEADER, token=0x55aa, chan=3, len(bits,bytes) = (206,26), freq_hz=-451200, delta,
 ampl = 26, crc_err=1                                                                                        
FPGAParser: 60: HDR:                                                                                         
aa 55 ce f0 80 1d f9 ff 1a 00 00 00                                                                          
FPGAParser: 60: INF Payload+CRC16 HEX: actual-len=26:                                                        
df 0b dd 56 ff 55 f9 bf 87 ff 73 eb 9f 6a 93 d5 55 ff a1 cc 6d d1 71 ef bc 3a                                
FPGAParser: 60: crc16 = 0x3abc                                                                               
================================================                                                             
61: DDC_INF_MSG_TOKEN=0x55aa                                                                                 
FPGAParser: 61: INFO packet HEADER, token=0x55aa, chan=1, len(bits,bytes) = (583,73), freq_hz=728941, deltaF,
 ampl = 4, crc_err=1                                                                                         
FPGAParser: 61: HDR:                                                                                         
aa 55 47 b2 6d 1f 0b 00 04 00 00 00                                                                          
f8 bf af fe 97 bf fe 0f af 4d cd ff a9 b3 a2 7f c5 ff 19 ef af f7 73 38 80 9a d6 e5 ed 0d f5 ff dd           
78 17 56 40 bd 97 00 aa 55 89 b2 6d 1f 0b 00 04 00 00 00 c6 ed f1 a4 a4 81 b1 77 b3 14 fe 8c 5a              
5b bc db 91 6f 4f cf 5e be 0e 53 14 4f 13 3b a5 01 22 96 ed d9 f6 42 cd e1 4c 9d 33 47 a7 43 ba              
bc b5 6d 5a 93 47 59 dc bc e6 2d ad c9 df 04 7b e6 4d db cb a0 be a6 23 9f a5 d9 26 aa 3d 85                 
FPGAParser: 61: INF Payload+CRC16 HEX: actual-len=73:                                                        
df 9a d1 b7 63 37 e5 0b 9d 72 87 61 f8 bf af fe 97 bf fe 0f af 4d cd ff a9 b3 a2 7f c5 ff 19 ef af           
f7 73 38 80 9a d6 e5 ed 0d f5 ff dd 78 17 56 40 bd 97 00 aa 55 89 b2 6d 1f 0b 00 04 00 00 00 c6              
ed f1 a4 a4 81 b1 77 b3                                                                                      
FPGAParser: 61: crc16 = 0xb377                                                                               
0f d5 33 bb a7 01 00 00 aa 55 e7 b0 6d 1f 0b 00 04 00 00 00 29 83 89 98 c7 01 1a fe 66 8c 50 4f 36           
70 f6 6c 8f 82 a6 71 6d 8b d0 3d c3 cd d6 46 62 00 00 00 aa 55 3f f2 80 1d f9 ff 1a 00 00 00 b7              
ff d7 ff 3f fa d4 55 fd f3 0d a8 e2 5e b7 fc 4b 21 8a 42 a1 5a fd 27 ea 1f 97 f7 f2 cf fb c3 ae              
fc 4f a9 aa 5f b6 62 de 3a e5 bf 7a a5 db 54 0a 86 7b 59 fd e7 fe ff 2b f5 da e6 3f 20 6b 6d                 
================================================                                                             
62: DDC_INF_MSG_TOKEN=0x55aa                                                                                 
FPGAParser: 62: INFO packet HEADER, token=0x55aa, chan=1, len(bits,bytes) = (231,29), freq_hz=728941, deltaF,
 ampl = 4, crc_err=1                                                                                         
FPGAParser: 62: HDR:                                                                                         
aa 55 e7 b0 6d 1f 0b 00 04 00 00 00                                                                          
FPGAParser: 62: INF Payload+CRC16 HEX: actual-len=29:                                                        
29 83 89 98 c7 01 1a fe 66 8c 50 4f 36 70 f6 6c 8f 82 a6 71 6d 8b d0 3d c3 cd d6 46 62                       
FPGAParser: 62: crc16 = 0x6246                                                                               
================================================                                                             
63: DDC_INF_MSG_TOKEN=0x55aa                                                                                 
FPGAParser: 63: INFO packet HEADER, token=0x55aa, chan=3, len(bits,bytes) = (575,72), freq_hz=-451200, delta,
 ampl = 26, crc_err=1                                                                                        
FPGAParser: 63: HDR:                                                                                         
aa 55 3f f2 80 1d f9 ff 1a 00 00 00                                                                          
fa 17 ac ff 4e dd ff 41 aa 55 bb b0 6d 1f 0b 00 04 00 00 00 3e 62 0a 0d 63 da 6d cc 7f 0e 8b cd e7           
39 d6 6a 6f 5b de d9 e4 b3 1b 07 aa 55 ae f0 80 1d f9 ff 1a 00 00 00 f9 ff a5 aa ac 0a 2d 48 5d              
f1 bf ff 1f fd ff 47 ea 85 f9 c3 d0 3f 00 00 aa 55 43 f1 80 1d f9 ff 1a 00 00 00 b4 ac 3d 7c fd              
e7 d3 e3 ff 6f 5b e3 1d 2f d9 a6 75 27 f5 e6 a8 f5 de db 5c 2e d7 ff ff ff fd e9 15 3e 63 5a                 
FPGAParser: 63: INF Payload+CRC16 HEX: actual-len=72:                                                        
b7 ff d7 ff 3f fa d4 55 fd f3 0d a8 e2 5e b7 fc 4b 21 8a 42 a1 5a fd 27 ea 1f 97 f7 f2 cf fb c3 ae 
fc 4f a9 aa 5f b6 62 de 3a e5 bf 7a a5 db 54 0a 86 7b 59 fd e7 fe ff 2b f5 da e6 3f 20 6b 6d fa 
17 ac ff 4e dd ff 41 
FPGAParser: 63: crc16 = 0x41ff
================================================
64: DDC_INF_MSG_TOKEN=0x55aa
FPGAParser: 64: INFO packet HEADER, token=0x55aa, chan=1, len(bits,bytes) = (187,24), freq_hz=728941, deltaF,
 ampl = 4, crc_err=1
FPGAParser: 64: HDR:
aa 55 bb b0 6d 1f 0b 00 04 00 00 00 
FPGAParser: 64: INF Payload+CRC16 HEX: actual-len=24:
3e 62 0a 0d 63 da 6d cc 7f 0e 8b cd e7 39 d6 6a 6f 5b de d9 e4 b3 1b 07 
FPGAParser: 64: crc16 = 0x71b
================================================
65: DDC_INF_MSG_TOKEN=0x55aa
FPGAParser: 65: INFO packet HEADER, token=0x55aa, chan=3, len(bits,bytes) = (174,22), freq_hz=-451200, delta,
 ampl = 26, crc_err=1
FPGAParser: 65: HDR:
aa 55 ae f0 80 1d f9 ff 1a 00 00 00 
FPGAParser: 65: INF Payload+CRC16 HEX: actual-len=22:
f9 ff a5 aa ac 0a 2d 48 5d f1 bf ff 1f fd ff 47 ea 85 f9 c3 d0 3f 
FPGAParser: 65: crc16 = 0x3fd0
================================================
66: DDC_INF_MSG_TOKEN=0x55aa
FPGAParser: 66: INFO packet HEADER, token=0x55aa, chan=3, len(bits,bytes) = (323,41), freq_hz=-451200, delta,
 ampl = 26, crc_err=1
FPGAParser: 66: HDR:
aa 55 43 f1 80 1d f9 ff 1a 00 00 00  
